[junction_report]
id = j1
time = 1
queues = 

[junction_report]
id = j2
time = 1
queues = (r1,green,[])

[road_report]
id = r1
time = 1
state = (v1,11),(v2,11)

[vehicle_report]
id = v1
time = 1
speed = 11
kilometrage = 11
faulty = 0
location = (r1,11)

[vehicle_report]
id = v2
time = 1
speed = 11
kilometrage = 11
faulty = 0
location = (r1,11)

[junction_report]
id = j1
time = 2
queues = 

[junction_report]
id = j2
time = 2
queues = (r1,green,[])

[road_report]
id = r1
time = 2
state = (v1,22),(v2,22)

[vehicle_report]
id = v1
time = 2
speed = 11
kilometrage = 22
faulty = 0
location = (r1,22)

[vehicle_report]
id = v2
time = 2
speed = 11
kilometrage = 22
faulty = 0
location = (r1,22)

[junction_report]
id = j1
time = 3
queues = 

[junction_report]
id = j2
time = 3
queues = (r1,green,[])

[road_report]
id = r1
time = 3
state = (v1,22),(v2,27)

[vehicle_report]
id = v1
time = 3
speed = 0
kilometrage = 22
faulty = 2
location = (r1,22)

[vehicle_report]
id = v2
time = 3
speed = 5
kilometrage = 27
faulty = 0
location = (r1,27)

[junction_report]
id = j1
time = 4
queues = 

[junction_report]
id = j2
time = 4
queues = (r1,green,[])

[road_report]
id = r1
time = 4
state = (v1,22),(v2,32)

[vehicle_report]
id = v1
time = 4
speed = 0
kilometrage = 22
faulty = 1
location = (r1,22)

[vehicle_report]
id = v2
time = 4
speed = 5
kilometrage = 32
faulty = 0
location = (r1,32)

[junction_report]
id = j1
time = 5
queues = 

[junction_report]
id = j2
time = 5
queues = (r1,green,[])

[road_report]
id = r1
time = 5
state = (v1,22),(v2,37)

[vehicle_report]
id = v1
time = 5
speed = 0
kilometrage = 22
faulty = 0
location = (r1,22)

[vehicle_report]
id = v2
time = 5
speed = 5
kilometrage = 37
faulty = 0
location = (r1,37)

[junction_report]
id = j1
time = 6
queues = 

[junction_report]
id = j2
time = 6
queues = (r1,green,[])

[road_report]
id = r1
time = 6
state = (v1,33),(v2,48)

[vehicle_report]
id = v1
time = 6
speed = 11
kilometrage = 33
faulty = 0
location = (r1,33)

[vehicle_report]
id = v2
time = 6
speed = 11
kilometrage = 48
faulty = 0
location = (r1,48)

[junction_report]
id = j1
time = 7
queues = 

[junction_report]
id = j2
time = 7
queues = (r1,green,[])

[road_report]
id = r1
time = 7
state = (v1,44),(v2,59)

[vehicle_report]
id = v1
time = 7
speed = 11
kilometrage = 44
faulty = 0
location = (r1,44)

[vehicle_report]
id = v2
time = 7
speed = 11
kilometrage = 59
faulty = 0
location = (r1,59)

[junction_report]
id = j1
time = 8
queues = 

[junction_report]
id = j2
time = 8
queues = (r1,green,[])

[road_report]
id = r1
time = 8
state = (v1,55),(v2,70)

[vehicle_report]
id = v1
time = 8
speed = 11
kilometrage = 55
faulty = 0
location = (r1,55)

[vehicle_report]
id = v2
time = 8
speed = 11
kilometrage = 70
faulty = 0
location = (r1,70)

[junction_report]
id = j1
time = 9
queues = 

[junction_report]
id = j2
time = 9
queues = (r1,green,[])

[road_report]
id = r1
time = 9
state = (v1,66),(v2,81)

[vehicle_report]
id = v1
time = 9
speed = 11
kilometrage = 66
faulty = 0
location = (r1,66)

[vehicle_report]
id = v2
time = 9
speed = 11
kilometrage = 81
faulty = 0
location = (r1,81)

[junction_report]
id = j1
time = 10
queues = 

[junction_report]
id = j2
time = 10
queues = (r1,green,[])

[road_report]
id = r1
time = 10
state = (v1,77),(v2,92)

[vehicle_report]
id = v1
time = 10
speed = 11
kilometrage = 77
faulty = 0
location = (r1,77)

[vehicle_report]
id = v2
time = 10
speed = 11
kilometrage = 92
faulty = 0
location = (r1,92)

