[junction_report]
id = j1
time = 1
queues = 

[junction_report]
id = j2
time = 1
queues = (r1, green, [])

[road_report]
id = r1
time = 1
state = (v1, 5)

[vehicle_report]
id = v1
time = 1
speed = 5
kilometrage = 5
faulty = 0
location = (r1, 5)

[junction_report]
id = j1
time = 2
queues = 

[junction_report]
id = j2
time = 2
queues = (r1, green, [])

[road_report]
id = r1
time = 2
state = (v1, 10)

[vehicle_report]
id = v1
time = 2
speed = 5
kilometrage = 10
faulty = 0
location = (r1, 10)

[junction_report]
id = j1
time = 3
queues = 

[junction_report]
id = j2
time = 3
queues = (r1, green, [])

[road_report]
id = r1
time = 3
state = (v2, 2),(v1, 12)

[vehicle_report]
id = v1
time = 3
speed = 2
kilometrage = 12
faulty = 0
location = (r1, 12)

[vehicle_report]
id = v2
time = 3
speed = 2
kilometrage = 2
faulty = 0
location = (r1, 2)

[junction_report]
id = j1
time = 4
queues = 

[junction_report]
id = j2
time = 4
queues = (r1, green, [])

[road_report]
id = r1
time = 4
state = (v2, 4),(v1, 14)

[vehicle_report]
id = v1
time = 4
speed = 2
kilometrage = 14
faulty = 0
location = (r1, 14)

[vehicle_report]
id = v2
time = 4
speed = 2
kilometrage = 4
faulty = 0
location = (r1, 4)

[junction_report]
id = j1
time = 5
queues = 

[junction_report]
id = j2
time = 5
queues = (r1, green, [])

[road_report]
id = r1
time = 5
state = (v2, 6),(v1, 16)

[vehicle_report]
id = v1
time = 5
speed = 2
kilometrage = 16
faulty = 0
location = (r1, 16)

[vehicle_report]
id = v2
time = 5
speed = 2
kilometrage = 6
faulty = 0
location = (r1, 6)

[junction_report]
id = j1
time = 6
queues = 

[junction_report]
id = j2
time = 6
queues = (r1, green, [])

[road_report]
id = r1
time = 6
state = (v2, 8),(v1, 18)

[vehicle_report]
id = v1
time = 6
speed = 2
kilometrage = 18
faulty = 0
location = (r1, 18)

[vehicle_report]
id = v2
time = 6
speed = 2
kilometrage = 8
faulty = 0
location = (r1, 8)

[junction_report]
id = j1
time = 7
queues = 

[junction_report]
id = j2
time = 7
queues = (r1, green, [])

[road_report]
id = r1
time = 7
state = (v2, 10),(v1, 20)

[vehicle_report]
id = v1
time = 7
speed = 2
kilometrage = 20
faulty = 0
location = (r1, 20)

[vehicle_report]
id = v2
time = 7
speed = 2
kilometrage = 10
faulty = 0
location = (r1, 10)

[junction_report]
id = j1
time = 8
queues = 

[junction_report]
id = j2
time = 8
queues = (r1, green, [])

[road_report]
id = r1
time = 8
state = (v2, 12),(v1, 22)

[vehicle_report]
id = v1
time = 8
speed = 2
kilometrage = 22
faulty = 0
location = (r1, 22)

[vehicle_report]
id = v2
time = 8
speed = 2
kilometrage = 12
faulty = 0
location = (r1, 12)

[junction_report]
id = j1
time = 9
queues = 

[junction_report]
id = j2
time = 9
queues = (r1, green, [])

[road_report]
id = r1
time = 9
state = (v2, 14),(v1, 24)

[vehicle_report]
id = v1
time = 9
speed = 2
kilometrage = 24
faulty = 0
location = (r1, 24)

[vehicle_report]
id = v2
time = 9
speed = 2
kilometrage = 14
faulty = 0
location = (r1, 14)

[junction_report]
id = j1
time = 10
queues = 

[junction_report]
id = j2
time = 10
queues = (r1, green, [])

[road_report]
id = r1
time = 10
state = (v2, 16),(v1, 26)

[vehicle_report]
id = v1
time = 10
speed = 2
kilometrage = 26
faulty = 0
location = (r1, 26)

[vehicle_report]
id = v2
time = 10
speed = 2
kilometrage = 16
faulty = 0
location = (r1, 16)

[junction_report]
id = j1
time = 11
queues = 

[junction_report]
id = j2
time = 11
queues = (r1, green, [])

[road_report]
id = r1
time = 11
state = (v2, 18),(v1, 28)

[vehicle_report]
id = v1
time = 11
speed = 2
kilometrage = 28
faulty = 0
location = (r1, 28)

[vehicle_report]
id = v2
time = 11
speed = 2
kilometrage = 18
faulty = 0
location = (r1, 18)

[junction_report]
id = j1
time = 12
queues = 

[junction_report]
id = j2
time = 12
queues = (r1, green, [])

[road_report]
id = r1
time = 12
state = (v2, 20),(v1, 30)

[vehicle_report]
id = v1
time = 12
speed = 2
kilometrage = 30
faulty = 0
location = (r1, 30)

[vehicle_report]
id = v2
time = 12
speed = 2
kilometrage = 20
faulty = 0
location = (r1, 20)

[junction_report]
id = j1
time = 13
queues = 

[junction_report]
id = j2
time = 13
queues = (r1, green, [])

[road_report]
id = r1
time = 13
state = (v2, 22),(v1, 32)

[vehicle_report]
id = v1
time = 13
speed = 2
kilometrage = 32
faulty = 0
location = (r1, 32)

[vehicle_report]
id = v2
time = 13
speed = 2
kilometrage = 22
faulty = 0
location = (r1, 22)

[junction_report]
id = j1
time = 14
queues = 

[junction_report]
id = j2
time = 14
queues = (r1, green, [])

[road_report]
id = r1
time = 14
state = (v2, 24),(v1, 34)

[vehicle_report]
id = v1
time = 14
speed = 2
kilometrage = 34
faulty = 0
location = (r1, 34)

[vehicle_report]
id = v2
time = 14
speed = 2
kilometrage = 24
faulty = 0
location = (r1, 24)

[junction_report]
id = j1
time = 15
queues = 

[junction_report]
id = j2
time = 15
queues = (r1, green, [])

[road_report]
id = r1
time = 15
state = (v2, 26),(v1, 36)

[vehicle_report]
id = v1
time = 15
speed = 2
kilometrage = 36
faulty = 0
location = (r1, 36)

[vehicle_report]
id = v2
time = 15
speed = 2
kilometrage = 26
faulty = 0
location = (r1, 26)

[junction_report]
id = j1
time = 16
queues = 

[junction_report]
id = j2
time = 16
queues = (r1, green, [])

[road_report]
id = r1
time = 16
state = (v2, 28),(v1, 38)

[vehicle_report]
id = v1
time = 16
speed = 2
kilometrage = 38
faulty = 0
location = (r1, 38)

[vehicle_report]
id = v2
time = 16
speed = 2
kilometrage = 28
faulty = 0
location = (r1, 28)

[junction_report]
id = j1
time = 17
queues = 

[junction_report]
id = j2
time = 17
queues = (r1, green, [])

[road_report]
id = r1
time = 17
state = (v2, 30),(v1, 40)

[vehicle_report]
id = v1
time = 17
speed = 2
kilometrage = 40
faulty = 0
location = (r1, 40)

[vehicle_report]
id = v2
time = 17
speed = 2
kilometrage = 30
faulty = 0
location = (r1, 30)

[junction_report]
id = j1
time = 18
queues = 

[junction_report]
id = j2
time = 18
queues = (r1, green, [])

[road_report]
id = r1
time = 18
state = (v2, 32),(v1, 42)

[vehicle_report]
id = v1
time = 18
speed = 2
kilometrage = 42
faulty = 0
location = (r1, 42)

[vehicle_report]
id = v2
time = 18
speed = 2
kilometrage = 32
faulty = 0
location = (r1, 32)

[junction_report]
id = j1
time = 19
queues = 

[junction_report]
id = j2
time = 19
queues = (r1, green, [])

[road_report]
id = r1
time = 19
state = (v2, 34),(v1, 44)

[vehicle_report]
id = v1
time = 19
speed = 2
kilometrage = 44
faulty = 0
location = (r1, 44)

[vehicle_report]
id = v2
time = 19
speed = 2
kilometrage = 34
faulty = 0
location = (r1, 34)

[junction_report]
id = j1
time = 20
queues = 

[junction_report]
id = j2
time = 20
queues = (r1, green, [])

[road_report]
id = r1
time = 20
state = (v2, 36),(v1, 46)

[vehicle_report]
id = v1
time = 20
speed = 2
kilometrage = 46
faulty = 0
location = (r1, 46)

[vehicle_report]
id = v2
time = 20
speed = 2
kilometrage = 36
faulty = 0
location = (r1, 36)

[junction_report]
id = j1
time = 21
queues = 

[junction_report]
id = j2
time = 21
queues = (r1, green, [])

[road_report]
id = r1
time = 21
state = (v2, 38),(v1, 48)

[vehicle_report]
id = v1
time = 21
speed = 2
kilometrage = 48
faulty = 0
location = (r1, 48)

[vehicle_report]
id = v2
time = 21
speed = 2
kilometrage = 38
faulty = 0
location = (r1, 38)

[junction_report]
id = j1
time = 22
queues = 

[junction_report]
id = j2
time = 22
queues = (r1, green, [])

[road_report]
id = r1
time = 22
state = (v2, 40),(v1, 50)

[vehicle_report]
id = v1
time = 22
speed = 2
kilometrage = 50
faulty = 0
location = (r1, 50)

[vehicle_report]
id = v2
time = 22
speed = 2
kilometrage = 40
faulty = 0
location = (r1, 40)

[junction_report]
id = j1
time = 23
queues = 

[junction_report]
id = j2
time = 23
queues = (r1, green, [])

[road_report]
id = r1
time = 23
state = (v2, 42),(v1, 52)

[vehicle_report]
id = v1
time = 23
speed = 2
kilometrage = 52
faulty = 0
location = (r1, 52)

[vehicle_report]
id = v2
time = 23
speed = 2
kilometrage = 42
faulty = 0
location = (r1, 42)

[junction_report]
id = j1
time = 24
queues = 

[junction_report]
id = j2
time = 24
queues = (r1, green, [])

[road_report]
id = r1
time = 24
state = (v2, 44),(v1, 54)

[vehicle_report]
id = v1
time = 24
speed = 2
kilometrage = 54
faulty = 0
location = (r1, 54)

[vehicle_report]
id = v2
time = 24
speed = 2
kilometrage = 44
faulty = 0
location = (r1, 44)

[junction_report]
id = j1
time = 25
queues = 

[junction_report]
id = j2
time = 25
queues = (r1, green, [])

[road_report]
id = r1
time = 25
state = (v2, 46),(v1, 56)

[vehicle_report]
id = v1
time = 25
speed = 2
kilometrage = 56
faulty = 0
location = (r1, 56)

[vehicle_report]
id = v2
time = 25
speed = 2
kilometrage = 46
faulty = 0
location = (r1, 46)

[junction_report]
id = j1
time = 26
queues = 

[junction_report]
id = j2
time = 26
queues = (r1, green, [])

[road_report]
id = r1
time = 26
state = (v2, 48),(v1, 58)

[vehicle_report]
id = v1
time = 26
speed = 2
kilometrage = 58
faulty = 0
location = (r1, 58)

[vehicle_report]
id = v2
time = 26
speed = 2
kilometrage = 48
faulty = 0
location = (r1, 48)

[junction_report]
id = j1
time = 27
queues = 

[junction_report]
id = j2
time = 27
queues = (r1, green, [])

[road_report]
id = r1
time = 27
state = (v2, 50),(v1, 60)

[vehicle_report]
id = v1
time = 27
speed = 2
kilometrage = 60
faulty = 0
location = (r1, 60)

[vehicle_report]
id = v2
time = 27
speed = 2
kilometrage = 50
faulty = 0
location = (r1, 50)

[junction_report]
id = j1
time = 28
queues = 

[junction_report]
id = j2
time = 28
queues = (r1, green, [])

[road_report]
id = r1
time = 28
state = (v2, 52),(v1, 62)

[vehicle_report]
id = v1
time = 28
speed = 2
kilometrage = 62
faulty = 0
location = (r1, 62)

[vehicle_report]
id = v2
time = 28
speed = 2
kilometrage = 52
faulty = 0
location = (r1, 52)

[junction_report]
id = j1
time = 29
queues = 

[junction_report]
id = j2
time = 29
queues = (r1, green, [])

[road_report]
id = r1
time = 29
state = (v2, 54),(v1, 64)

[vehicle_report]
id = v1
time = 29
speed = 2
kilometrage = 64
faulty = 0
location = (r1, 64)

[vehicle_report]
id = v2
time = 29
speed = 2
kilometrage = 54
faulty = 0
location = (r1, 54)

[junction_report]
id = j1
time = 30
queues = 

[junction_report]
id = j2
time = 30
queues = (r1, green, [])

[road_report]
id = r1
time = 30
state = (v2, 56),(v1, 66)

[vehicle_report]
id = v1
time = 30
speed = 2
kilometrage = 66
faulty = 0
location = (r1, 66)

[vehicle_report]
id = v2
time = 30
speed = 2
kilometrage = 56
faulty = 0
location = (r1, 56)

[junction_report]
id = j1
time = 31
queues = 

[junction_report]
id = j2
time = 31
queues = (r1, green, [])

[road_report]
id = r1
time = 31
state = (v2, 58),(v1, 68)

[vehicle_report]
id = v1
time = 31
speed = 2
kilometrage = 68
faulty = 0
location = (r1, 68)

[vehicle_report]
id = v2
time = 31
speed = 2
kilometrage = 58
faulty = 0
location = (r1, 58)

[junction_report]
id = j1
time = 32
queues = 

[junction_report]
id = j2
time = 32
queues = (r1, green, [])

[road_report]
id = r1
time = 32
state = (v2, 60),(v1, 70)

[vehicle_report]
id = v1
time = 32
speed = 2
kilometrage = 70
faulty = 0
location = (r1, 70)

[vehicle_report]
id = v2
time = 32
speed = 2
kilometrage = 60
faulty = 0
location = (r1, 60)

[junction_report]
id = j1
time = 33
queues = 

[junction_report]
id = j2
time = 33
queues = (r1, green, [])

[road_report]
id = r1
time = 33
state = (v2, 62),(v1, 72)

[vehicle_report]
id = v1
time = 33
speed = 2
kilometrage = 72
faulty = 0
location = (r1, 72)

[vehicle_report]
id = v2
time = 33
speed = 2
kilometrage = 62
faulty = 0
location = (r1, 62)

[junction_report]
id = j1
time = 34
queues = 

[junction_report]
id = j2
time = 34
queues = (r1, green, [])

[road_report]
id = r1
time = 34
state = (v2, 64),(v1, 74)

[vehicle_report]
id = v1
time = 34
speed = 2
kilometrage = 74
faulty = 0
location = (r1, 74)

[vehicle_report]
id = v2
time = 34
speed = 2
kilometrage = 64
faulty = 0
location = (r1, 64)

[junction_report]
id = j1
time = 35
queues = 

[junction_report]
id = j2
time = 35
queues = (r1, green, [])

[road_report]
id = r1
time = 35
state = (v2, 66),(v1, 76)

[vehicle_report]
id = v1
time = 35
speed = 2
kilometrage = 76
faulty = 0
location = (r1, 76)

[vehicle_report]
id = v2
time = 35
speed = 2
kilometrage = 66
faulty = 0
location = (r1, 66)

[junction_report]
id = j1
time = 36
queues = 

[junction_report]
id = j2
time = 36
queues = (r1, green, [])

[road_report]
id = r1
time = 36
state = (v2, 68),(v1, 78)

[vehicle_report]
id = v1
time = 36
speed = 2
kilometrage = 78
faulty = 0
location = (r1, 78)

[vehicle_report]
id = v2
time = 36
speed = 2
kilometrage = 68
faulty = 0
location = (r1, 68)

[junction_report]
id = j1
time = 37
queues = 

[junction_report]
id = j2
time = 37
queues = (r1, green, [])

[road_report]
id = r1
time = 37
state = (v2, 70),(v1, 80)

[vehicle_report]
id = v1
time = 37
speed = 2
kilometrage = 80
faulty = 0
location = (r1, 80)

[vehicle_report]
id = v2
time = 37
speed = 2
kilometrage = 70
faulty = 0
location = (r1, 70)

[junction_report]
id = j1
time = 38
queues = 

[junction_report]
id = j2
time = 38
queues = (r1, green, [])

[road_report]
id = r1
time = 38
state = (v2, 72),(v1, 82)

[vehicle_report]
id = v1
time = 38
speed = 2
kilometrage = 82
faulty = 0
location = (r1, 82)

[vehicle_report]
id = v2
time = 38
speed = 2
kilometrage = 72
faulty = 0
location = (r1, 72)

[junction_report]
id = j1
time = 39
queues = 

[junction_report]
id = j2
time = 39
queues = (r1, green, [])

[road_report]
id = r1
time = 39
state = (v2, 74),(v1, 84)

[vehicle_report]
id = v1
time = 39
speed = 2
kilometrage = 84
faulty = 0
location = (r1, 84)

[vehicle_report]
id = v2
time = 39
speed = 2
kilometrage = 74
faulty = 0
location = (r1, 74)

[junction_report]
id = j1
time = 40
queues = 

[junction_report]
id = j2
time = 40
queues = (r1, green, [])

[road_report]
id = r1
time = 40
state = (v2, 76),(v1, 86)

[vehicle_report]
id = v1
time = 40
speed = 2
kilometrage = 86
faulty = 0
location = (r1, 86)

[vehicle_report]
id = v2
time = 40
speed = 2
kilometrage = 76
faulty = 0
location = (r1, 76)

[junction_report]
id = j1
time = 41
queues = 

[junction_report]
id = j2
time = 41
queues = (r1, green, [])

[road_report]
id = r1
time = 41
state = (v2, 78),(v1, 88)

[vehicle_report]
id = v1
time = 41
speed = 2
kilometrage = 88
faulty = 0
location = (r1, 88)

[vehicle_report]
id = v2
time = 41
speed = 2
kilometrage = 78
faulty = 0
location = (r1, 78)

[junction_report]
id = j1
time = 42
queues = 

[junction_report]
id = j2
time = 42
queues = (r1, green, [])

[road_report]
id = r1
time = 42
state = (v2, 80),(v1, 90)

[vehicle_report]
id = v1
time = 42
speed = 2
kilometrage = 90
faulty = 0
location = (r1, 90)

[vehicle_report]
id = v2
time = 42
speed = 2
kilometrage = 80
faulty = 0
location = (r1, 80)

[junction_report]
id = j1
time = 43
queues = 

[junction_report]
id = j2
time = 43
queues = (r1, green, [])

[road_report]
id = r1
time = 43
state = (v2, 82),(v1, 92)

[vehicle_report]
id = v1
time = 43
speed = 2
kilometrage = 92
faulty = 0
location = (r1, 92)

[vehicle_report]
id = v2
time = 43
speed = 2
kilometrage = 82
faulty = 0
location = (r1, 82)

[junction_report]
id = j1
time = 44
queues = 

[junction_report]
id = j2
time = 44
queues = (r1, green, [])

[road_report]
id = r1
time = 44
state = (v2, 84),(v1, 94)

[vehicle_report]
id = v1
time = 44
speed = 2
kilometrage = 94
faulty = 0
location = (r1, 94)

[vehicle_report]
id = v2
time = 44
speed = 2
kilometrage = 84
faulty = 0
location = (r1, 84)

[junction_report]
id = j1
time = 45
queues = 

[junction_report]
id = j2
time = 45
queues = (r1, green, [])

[road_report]
id = r1
time = 45
state = (v2, 86),(v1, 96)

[vehicle_report]
id = v1
time = 45
speed = 2
kilometrage = 96
faulty = 0
location = (r1, 96)

[vehicle_report]
id = v2
time = 45
speed = 2
kilometrage = 86
faulty = 0
location = (r1, 86)

[junction_report]
id = j1
time = 46
queues = 

[junction_report]
id = j2
time = 46
queues = (r1, green, [])

[road_report]
id = r1
time = 46
state = (v2, 88),(v1, 98)

[vehicle_report]
id = v1
time = 46
speed = 2
kilometrage = 98
faulty = 0
location = (r1, 98)

[vehicle_report]
id = v2
time = 46
speed = 2
kilometrage = 88
faulty = 0
location = (r1, 88)

[junction_report]
id = j1
time = 47
queues = 

[junction_report]
id = j2
time = 47
queues = (r1, green, [])

[road_report]
id = r1
time = 47
state = (v2, 90)

[vehicle_report]
id = v1
time = 47
speed = 0
kilometrage = 100
faulty = 0
location = arrived

[vehicle_report]
id = v2
time = 47
speed = 2
kilometrage = 90
faulty = 0
location = (r1, 90)

[junction_report]
id = j1
time = 48
queues = 

[junction_report]
id = j2
time = 48
queues = (r1, green, [])

[road_report]
id = r1
time = 48
state = (v2, 95)

[vehicle_report]
id = v1
time = 48
speed = 0
kilometrage = 100
faulty = 0
location = arrived

[vehicle_report]
id = v2
time = 48
speed = 5
kilometrage = 95
faulty = 0
location = (r1, 95)

[junction_report]
id = j1
time = 49
queues = 

[junction_report]
id = j2
time = 49
queues = (r1, green, [])

[road_report]
id = r1
time = 49
state = 

[vehicle_report]
id = v1
time = 49
speed = 0
kilometrage = 100
faulty = 0
location = arrived

[vehicle_report]
id = v2
time = 49
speed = 0
kilometrage = 100
faulty = 0
location = arrived

[junction_report]
id = j1
time = 50
queues = 

[junction_report]
id = j2
time = 50
queues = (r1, green, [])

[road_report]
id = r1
time = 50
state = 

[vehicle_report]
id = v1
time = 50
speed = 0
kilometrage = 100
faulty = 0
location = arrived

[vehicle_report]
id = v2
time = 50
speed = 0
kilometrage = 100
faulty = 0
location = arrived

[junction_report]
id = j1
time = 51
queues = 

[junction_report]
id = j2
time = 51
queues = (r1, green, [])

[road_report]
id = r1
time = 51
state = 

[vehicle_report]
id = v1
time = 51
speed = 0
kilometrage = 100
faulty = 0
location = arrived

[vehicle_report]
id = v2
time = 51
speed = 0
kilometrage = 100
faulty = 0
location = arrived

[junction_report]
id = j1
time = 52
queues = 

[junction_report]
id = j2
time = 52
queues = (r1, green, [])

[road_report]
id = r1
time = 52
state = 

[vehicle_report]
id = v1
time = 52
speed = 0
kilometrage = 100
faulty = 0
location = arrived

[vehicle_report]
id = v2
time = 52
speed = 0
kilometrage = 100
faulty = 0
location = arrived

[junction_report]
id = j1
time = 53
queues = 

[junction_report]
id = j2
time = 53
queues = (r1, green, [])

[road_report]
id = r1
time = 53
state = 

[vehicle_report]
id = v1
time = 53
speed = 0
kilometrage = 100
faulty = 0
location = arrived

[vehicle_report]
id = v2
time = 53
speed = 0
kilometrage = 100
faulty = 0
location = arrived

[junction_report]
id = j1
time = 54
queues = 

[junction_report]
id = j2
time = 54
queues = (r1, green, [])

[road_report]
id = r1
time = 54
state = 

[vehicle_report]
id = v1
time = 54
speed = 0
kilometrage = 100
faulty = 0
location = arrived

[vehicle_report]
id = v2
time = 54
speed = 0
kilometrage = 100
faulty = 0
location = arrived

[junction_report]
id = j1
time = 55
queues = 

[junction_report]
id = j2
time = 55
queues = (r1, green, [])

[road_report]
id = r1
time = 55
state = 

[vehicle_report]
id = v1
time = 55
speed = 0
kilometrage = 100
faulty = 0
location = arrived

[vehicle_report]
id = v2
time = 55
speed = 0
kilometrage = 100
faulty = 0
location = arrived

[junction_report]
id = j1
time = 56
queues = 

[junction_report]
id = j2
time = 56
queues = (r1, green, [])

[road_report]
id = r1
time = 56
state = 

[vehicle_report]
id = v1
time = 56
speed = 0
kilometrage = 100
faulty = 0
location = arrived

[vehicle_report]
id = v2
time = 56
speed = 0
kilometrage = 100
faulty = 0
location = arrived

[junction_report]
id = j1
time = 57
queues = 

[junction_report]
id = j2
time = 57
queues = (r1, green, [])

[road_report]
id = r1
time = 57
state = 

[vehicle_report]
id = v1
time = 57
speed = 0
kilometrage = 100
faulty = 0
location = arrived

[vehicle_report]
id = v2
time = 57
speed = 0
kilometrage = 100
faulty = 0
location = arrived

[junction_report]
id = j1
time = 58
queues = 

[junction_report]
id = j2
time = 58
queues = (r1, green, [])

[road_report]
id = r1
time = 58
state = 

[vehicle_report]
id = v1
time = 58
speed = 0
kilometrage = 100
faulty = 0
location = arrived

[vehicle_report]
id = v2
time = 58
speed = 0
kilometrage = 100
faulty = 0
location = arrived

[junction_report]
id = j1
time = 59
queues = 

[junction_report]
id = j2
time = 59
queues = (r1, green, [])

[road_report]
id = r1
time = 59
state = 

[vehicle_report]
id = v1
time = 59
speed = 0
kilometrage = 100
faulty = 0
location = arrived

[vehicle_report]
id = v2
time = 59
speed = 0
kilometrage = 100
faulty = 0
location = arrived

[junction_report]
id = j1
time = 60
queues = 

[junction_report]
id = j2
time = 60
queues = (r1, green, [])

[road_report]
id = r1
time = 60
state = 

[vehicle_report]
id = v1
time = 60
speed = 0
kilometrage = 100
faulty = 0
location = arrived

[vehicle_report]
id = v2
time = 60
speed = 0
kilometrage = 100
faulty = 0
location = arrived

[junction_report]
id = j1
time = 61
queues = 

[junction_report]
id = j2
time = 61
queues = (r1, green, [])

[road_report]
id = r1
time = 61
state = 

[vehicle_report]
id = v1
time = 61
speed = 0
kilometrage = 100
faulty = 0
location = arrived

[vehicle_report]
id = v2
time = 61
speed = 0
kilometrage = 100
faulty = 0
location = arrived

[junction_report]
id = j1
time = 62
queues = 

[junction_report]
id = j2
time = 62
queues = (r1, green, [])

[road_report]
id = r1
time = 62
state = 

[vehicle_report]
id = v1
time = 62
speed = 0
kilometrage = 100
faulty = 0
location = arrived

[vehicle_report]
id = v2
time = 62
speed = 0
kilometrage = 100
faulty = 0
location = arrived

[junction_report]
id = j1
time = 63
queues = 

[junction_report]
id = j2
time = 63
queues = (r1, green, [])

[road_report]
id = r1
time = 63
state = 

[vehicle_report]
id = v1
time = 63
speed = 0
kilometrage = 100
faulty = 0
location = arrived

[vehicle_report]
id = v2
time = 63
speed = 0
kilometrage = 100
faulty = 0
location = arrived

[junction_report]
id = j1
time = 64
queues = 

[junction_report]
id = j2
time = 64
queues = (r1, green, [])

[road_report]
id = r1
time = 64
state = 

[vehicle_report]
id = v1
time = 64
speed = 0
kilometrage = 100
faulty = 0
location = arrived

[vehicle_report]
id = v2
time = 64
speed = 0
kilometrage = 100
faulty = 0
location = arrived

[junction_report]
id = j1
time = 65
queues = 

[junction_report]
id = j2
time = 65
queues = (r1, green, [])

[road_report]
id = r1
time = 65
state = 

[vehicle_report]
id = v1
time = 65
speed = 0
kilometrage = 100
faulty = 0
location = arrived

[vehicle_report]
id = v2
time = 65
speed = 0
kilometrage = 100
faulty = 0
location = arrived

[junction_report]
id = j1
time = 66
queues = 

[junction_report]
id = j2
time = 66
queues = (r1, green, [])

[road_report]
id = r1
time = 66
state = 

[vehicle_report]
id = v1
time = 66
speed = 0
kilometrage = 100
faulty = 0
location = arrived

[vehicle_report]
id = v2
time = 66
speed = 0
kilometrage = 100
faulty = 0
location = arrived

[junction_report]
id = j1
time = 67
queues = 

[junction_report]
id = j2
time = 67
queues = (r1, green, [])

[road_report]
id = r1
time = 67
state = 

[vehicle_report]
id = v1
time = 67
speed = 0
kilometrage = 100
faulty = 0
location = arrived

[vehicle_report]
id = v2
time = 67
speed = 0
kilometrage = 100
faulty = 0
location = arrived

[junction_report]
id = j1
time = 68
queues = 

[junction_report]
id = j2
time = 68
queues = (r1, green, [])

[road_report]
id = r1
time = 68
state = 

[vehicle_report]
id = v1
time = 68
speed = 0
kilometrage = 100
faulty = 0
location = arrived

[vehicle_report]
id = v2
time = 68
speed = 0
kilometrage = 100
faulty = 0
location = arrived

[junction_report]
id = j1
time = 69
queues = 

[junction_report]
id = j2
time = 69
queues = (r1, green, [])

[road_report]
id = r1
time = 69
state = 

[vehicle_report]
id = v1
time = 69
speed = 0
kilometrage = 100
faulty = 0
location = arrived

[vehicle_report]
id = v2
time = 69
speed = 0
kilometrage = 100
faulty = 0
location = arrived

[junction_report]
id = j1
time = 70
queues = 

[junction_report]
id = j2
time = 70
queues = (r1, green, [])

[road_report]
id = r1
time = 70
state = 

[vehicle_report]
id = v1
time = 70
speed = 0
kilometrage = 100
faulty = 0
location = arrived

[vehicle_report]
id = v2
time = 70
speed = 0
kilometrage = 100
faulty = 0
location = arrived

[junction_report]
id = j1
time = 71
queues = 

[junction_report]
id = j2
time = 71
queues = (r1, green, [])

[road_report]
id = r1
time = 71
state = 

[vehicle_report]
id = v1
time = 71
speed = 0
kilometrage = 100
faulty = 0
location = arrived

[vehicle_report]
id = v2
time = 71
speed = 0
kilometrage = 100
faulty = 0
location = arrived

[junction_report]
id = j1
time = 72
queues = 

[junction_report]
id = j2
time = 72
queues = (r1, green, [])

[road_report]
id = r1
time = 72
state = 

[vehicle_report]
id = v1
time = 72
speed = 0
kilometrage = 100
faulty = 0
location = arrived

[vehicle_report]
id = v2
time = 72
speed = 0
kilometrage = 100
faulty = 0
location = arrived

[junction_report]
id = j1
time = 73
queues = 

[junction_report]
id = j2
time = 73
queues = (r1, green, [])

[road_report]
id = r1
time = 73
state = 

[vehicle_report]
id = v1
time = 73
speed = 0
kilometrage = 100
faulty = 0
location = arrived

[vehicle_report]
id = v2
time = 73
speed = 0
kilometrage = 100
faulty = 0
location = arrived

[junction_report]
id = j1
time = 74
queues = 

[junction_report]
id = j2
time = 74
queues = (r1, green, [])

[road_report]
id = r1
time = 74
state = 

[vehicle_report]
id = v1
time = 74
speed = 0
kilometrage = 100
faulty = 0
location = arrived

[vehicle_report]
id = v2
time = 74
speed = 0
kilometrage = 100
faulty = 0
location = arrived

[junction_report]
id = j1
time = 75
queues = 

[junction_report]
id = j2
time = 75
queues = (r1, green, [])

[road_report]
id = r1
time = 75
state = 

[vehicle_report]
id = v1
time = 75
speed = 0
kilometrage = 100
faulty = 0
location = arrived

[vehicle_report]
id = v2
time = 75
speed = 0
kilometrage = 100
faulty = 0
location = arrived

[junction_report]
id = j1
time = 76
queues = 

[junction_report]
id = j2
time = 76
queues = (r1, green, [])

[road_report]
id = r1
time = 76
state = 

[vehicle_report]
id = v1
time = 76
speed = 0
kilometrage = 100
faulty = 0
location = arrived

[vehicle_report]
id = v2
time = 76
speed = 0
kilometrage = 100
faulty = 0
location = arrived

[junction_report]
id = j1
time = 77
queues = 

[junction_report]
id = j2
time = 77
queues = (r1, green, [])

[road_report]
id = r1
time = 77
state = 

[vehicle_report]
id = v1
time = 77
speed = 0
kilometrage = 100
faulty = 0
location = arrived

[vehicle_report]
id = v2
time = 77
speed = 0
kilometrage = 100
faulty = 0
location = arrived

[junction_report]
id = j1
time = 78
queues = 

[junction_report]
id = j2
time = 78
queues = (r1, green, [])

[road_report]
id = r1
time = 78
state = 

[vehicle_report]
id = v1
time = 78
speed = 0
kilometrage = 100
faulty = 0
location = arrived

[vehicle_report]
id = v2
time = 78
speed = 0
kilometrage = 100
faulty = 0
location = arrived

[junction_report]
id = j1
time = 79
queues = 

[junction_report]
id = j2
time = 79
queues = (r1, green, [])

[road_report]
id = r1
time = 79
state = 

[vehicle_report]
id = v1
time = 79
speed = 0
kilometrage = 100
faulty = 0
location = arrived

[vehicle_report]
id = v2
time = 79
speed = 0
kilometrage = 100
faulty = 0
location = arrived

[junction_report]
id = j1
time = 80
queues = 

[junction_report]
id = j2
time = 80
queues = (r1, green, [])

[road_report]
id = r1
time = 80
state = 

[vehicle_report]
id = v1
time = 80
speed = 0
kilometrage = 100
faulty = 0
location = arrived

[vehicle_report]
id = v2
time = 80
speed = 0
kilometrage = 100
faulty = 0
location = arrived

[junction_report]
id = j1
time = 81
queues = 

[junction_report]
id = j2
time = 81
queues = (r1, green, [])

[road_report]
id = r1
time = 81
state = 

[vehicle_report]
id = v1
time = 81
speed = 0
kilometrage = 100
faulty = 0
location = arrived

[vehicle_report]
id = v2
time = 81
speed = 0
kilometrage = 100
faulty = 0
location = arrived

[junction_report]
id = j1
time = 82
queues = 

[junction_report]
id = j2
time = 82
queues = (r1, green, [])

[road_report]
id = r1
time = 82
state = 

[vehicle_report]
id = v1
time = 82
speed = 0
kilometrage = 100
faulty = 0
location = arrived

[vehicle_report]
id = v2
time = 82
speed = 0
kilometrage = 100
faulty = 0
location = arrived

[junction_report]
id = j1
time = 83
queues = 

[junction_report]
id = j2
time = 83
queues = (r1, green, [])

[road_report]
id = r1
time = 83
state = 

[vehicle_report]
id = v1
time = 83
speed = 0
kilometrage = 100
faulty = 0
location = arrived

[vehicle_report]
id = v2
time = 83
speed = 0
kilometrage = 100
faulty = 0
location = arrived

[junction_report]
id = j1
time = 84
queues = 

[junction_report]
id = j2
time = 84
queues = (r1, green, [])

[road_report]
id = r1
time = 84
state = 

[vehicle_report]
id = v1
time = 84
speed = 0
kilometrage = 100
faulty = 0
location = arrived

[vehicle_report]
id = v2
time = 84
speed = 0
kilometrage = 100
faulty = 0
location = arrived

[junction_report]
id = j1
time = 85
queues = 

[junction_report]
id = j2
time = 85
queues = (r1, green, [])

[road_report]
id = r1
time = 85
state = 

[vehicle_report]
id = v1
time = 85
speed = 0
kilometrage = 100
faulty = 0
location = arrived

[vehicle_report]
id = v2
time = 85
speed = 0
kilometrage = 100
faulty = 0
location = arrived

[junction_report]
id = j1
time = 86
queues = 

[junction_report]
id = j2
time = 86
queues = (r1, green, [])

[road_report]
id = r1
time = 86
state = 

[vehicle_report]
id = v1
time = 86
speed = 0
kilometrage = 100
faulty = 0
location = arrived

[vehicle_report]
id = v2
time = 86
speed = 0
kilometrage = 100
faulty = 0
location = arrived

[junction_report]
id = j1
time = 87
queues = 

[junction_report]
id = j2
time = 87
queues = (r1, green, [])

[road_report]
id = r1
time = 87
state = 

[vehicle_report]
id = v1
time = 87
speed = 0
kilometrage = 100
faulty = 0
location = arrived

[vehicle_report]
id = v2
time = 87
speed = 0
kilometrage = 100
faulty = 0
location = arrived

[junction_report]
id = j1
time = 88
queues = 

[junction_report]
id = j2
time = 88
queues = (r1, green, [])

[road_report]
id = r1
time = 88
state = 

[vehicle_report]
id = v1
time = 88
speed = 0
kilometrage = 100
faulty = 0
location = arrived

[vehicle_report]
id = v2
time = 88
speed = 0
kilometrage = 100
faulty = 0
location = arrived

[junction_report]
id = j1
time = 89
queues = 

[junction_report]
id = j2
time = 89
queues = (r1, green, [])

[road_report]
id = r1
time = 89
state = 

[vehicle_report]
id = v1
time = 89
speed = 0
kilometrage = 100
faulty = 0
location = arrived

[vehicle_report]
id = v2
time = 89
speed = 0
kilometrage = 100
faulty = 0
location = arrived

[junction_report]
id = j1
time = 90
queues = 

[junction_report]
id = j2
time = 90
queues = (r1, green, [])

[road_report]
id = r1
time = 90
state = 

[vehicle_report]
id = v1
time = 90
speed = 0
kilometrage = 100
faulty = 0
location = arrived

[vehicle_report]
id = v2
time = 90
speed = 0
kilometrage = 100
faulty = 0
location = arrived

[junction_report]
id = j1
time = 91
queues = 

[junction_report]
id = j2
time = 91
queues = (r1, green, [])

[road_report]
id = r1
time = 91
state = 

[vehicle_report]
id = v1
time = 91
speed = 0
kilometrage = 100
faulty = 0
location = arrived

[vehicle_report]
id = v2
time = 91
speed = 0
kilometrage = 100
faulty = 0
location = arrived

[junction_report]
id = j1
time = 92
queues = 

[junction_report]
id = j2
time = 92
queues = (r1, green, [])

[road_report]
id = r1
time = 92
state = 

[vehicle_report]
id = v1
time = 92
speed = 0
kilometrage = 100
faulty = 0
location = arrived

[vehicle_report]
id = v2
time = 92
speed = 0
kilometrage = 100
faulty = 0
location = arrived

[junction_report]
id = j1
time = 93
queues = 

[junction_report]
id = j2
time = 93
queues = (r1, green, [])

[road_report]
id = r1
time = 93
state = 

[vehicle_report]
id = v1
time = 93
speed = 0
kilometrage = 100
faulty = 0
location = arrived

[vehicle_report]
id = v2
time = 93
speed = 0
kilometrage = 100
faulty = 0
location = arrived

[junction_report]
id = j1
time = 94
queues = 

[junction_report]
id = j2
time = 94
queues = (r1, green, [])

[road_report]
id = r1
time = 94
state = 

[vehicle_report]
id = v1
time = 94
speed = 0
kilometrage = 100
faulty = 0
location = arrived

[vehicle_report]
id = v2
time = 94
speed = 0
kilometrage = 100
faulty = 0
location = arrived

[junction_report]
id = j1
time = 95
queues = 

[junction_report]
id = j2
time = 95
queues = (r1, green, [])

[road_report]
id = r1
time = 95
state = 

[vehicle_report]
id = v1
time = 95
speed = 0
kilometrage = 100
faulty = 0
location = arrived

[vehicle_report]
id = v2
time = 95
speed = 0
kilometrage = 100
faulty = 0
location = arrived

[junction_report]
id = j1
time = 96
queues = 

[junction_report]
id = j2
time = 96
queues = (r1, green, [])

[road_report]
id = r1
time = 96
state = 

[vehicle_report]
id = v1
time = 96
speed = 0
kilometrage = 100
faulty = 0
location = arrived

[vehicle_report]
id = v2
time = 96
speed = 0
kilometrage = 100
faulty = 0
location = arrived

[junction_report]
id = j1
time = 97
queues = 

[junction_report]
id = j2
time = 97
queues = (r1, green, [])

[road_report]
id = r1
time = 97
state = 

[vehicle_report]
id = v1
time = 97
speed = 0
kilometrage = 100
faulty = 0
location = arrived

[vehicle_report]
id = v2
time = 97
speed = 0
kilometrage = 100
faulty = 0
location = arrived

[junction_report]
id = j1
time = 98
queues = 

[junction_report]
id = j2
time = 98
queues = (r1, green, [])

[road_report]
id = r1
time = 98
state = 

[vehicle_report]
id = v1
time = 98
speed = 0
kilometrage = 100
faulty = 0
location = arrived

[vehicle_report]
id = v2
time = 98
speed = 0
kilometrage = 100
faulty = 0
location = arrived

[junction_report]
id = j1
time = 99
queues = 

[junction_report]
id = j2
time = 99
queues = (r1, green, [])

[road_report]
id = r1
time = 99
state = 

[vehicle_report]
id = v1
time = 99
speed = 0
kilometrage = 100
faulty = 0
location = arrived

[vehicle_report]
id = v2
time = 99
speed = 0
kilometrage = 100
faulty = 0
location = arrived

[junction_report]
id = j1
time = 100
queues = 

[junction_report]
id = j2
time = 100
queues = (r1, green, [])

[road_report]
id = r1
time = 100
state = 

[vehicle_report]
id = v1
time = 100
speed = 0
kilometrage = 100
faulty = 0
location = arrived

[vehicle_report]
id = v2
time = 100
speed = 0
kilometrage = 100
faulty = 0
location = arrived

