[junction_report]
id = j1
time = 1
queues = 

[junction_report]
id = j2
time = 1
queues = (r1, red, []), (r3, green, [])

[junction_report]
id = j3
time = 1
queues = (r2, green, [])

[junction_report]
id = j4
time = 1
queues = 

[junction_report]
id = j5
time = 1
queues = (r4, green, [])

[road_report]
id = r1
time = 1
state = (v1, 20)

[road_report]
id = r2
time = 1
state = 

[road_report]
id = r3
time = 1
state = (v2, 20)

[road_report]
id = r4
time = 1
state = 

[vehicle_report]
id = v1
time = 1
speed = 20
kilometrage = 20
faulty = 0
location = (r1, 20)

[vehicle_report]
id = v2
time = 1
speed = 20
kilometrage = 20
faulty = 0
location = (r3, 20)

[junction_report]
id = j1
time = 2
queues = 

[junction_report]
id = j2
time = 2
queues = (r1, green, []), (r3, red, [])

[junction_report]
id = j3
time = 2
queues = (r2, green, [])

[junction_report]
id = j4
time = 2
queues = 

[junction_report]
id = j5
time = 2
queues = (r4, green, [])

[road_report]
id = r1
time = 2
state = (v1, 40)

[road_report]
id = r2
time = 2
state = 

[road_report]
id = r3
time = 2
state = (v2, 40)

[road_report]
id = r4
time = 2
state = 

[vehicle_report]
id = v1
time = 2
speed = 20
kilometrage = 40
faulty = 0
location = (r1, 40)

[vehicle_report]
id = v2
time = 2
speed = 20
kilometrage = 40
faulty = 0
location = (r3, 40)

[junction_report]
id = j1
time = 3
queues = 

[junction_report]
id = j2
time = 3
queues = (r1, red, []), (r3, green, [v2])

[junction_report]
id = j3
time = 3
queues = (r2, green, [])

[junction_report]
id = j4
time = 3
queues = 

[junction_report]
id = j5
time = 3
queues = (r4, green, [])

[road_report]
id = r1
time = 3
state = 

[road_report]
id = r2
time = 3
state = (v1, 0)

[road_report]
id = r3
time = 3
state = (v2, 50)

[road_report]
id = r4
time = 3
state = 

[vehicle_report]
id = v1
time = 3
speed = 0
kilometrage = 50
faulty = 0
location = (r2, 0)

[vehicle_report]
id = v2
time = 3
speed = 0
kilometrage = 50
faulty = 0
location = (r3, 50)

[junction_report]
id = j1
time = 4
queues = 

[junction_report]
id = j2
time = 4
queues = (r1, green, []), (r3, red, [])

[junction_report]
id = j3
time = 4
queues = (r2, green, [])

[junction_report]
id = j4
time = 4
queues = 

[junction_report]
id = j5
time = 4
queues = (r4, green, [])

[road_report]
id = r1
time = 4
state = 

[road_report]
id = r2
time = 4
state = (v1, 20)

[road_report]
id = r3
time = 4
state = 

[road_report]
id = r4
time = 4
state = (v2, 0)

[vehicle_report]
id = v1
time = 4
speed = 20
kilometrage = 70
faulty = 0
location = (r2, 20)

[vehicle_report]
id = v2
time = 4
speed = 0
kilometrage = 50
faulty = 0
location = (r4, 0)

[junction_report]
id = j1
time = 5
queues = 

[junction_report]
id = j2
time = 5
queues = (r1, red, []), (r3, green, [])

[junction_report]
id = j3
time = 5
queues = (r2, green, [])

[junction_report]
id = j4
time = 5
queues = 

[junction_report]
id = j5
time = 5
queues = (r4, green, [])

[road_report]
id = r1
time = 5
state = 

[road_report]
id = r2
time = 5
state = (v1, 40)

[road_report]
id = r3
time = 5
state = 

[road_report]
id = r4
time = 5
state = (v2, 20)

[vehicle_report]
id = v1
time = 5
speed = 20
kilometrage = 90
faulty = 0
location = (r2, 40)

[vehicle_report]
id = v2
time = 5
speed = 20
kilometrage = 70
faulty = 0
location = (r4, 20)

[junction_report]
id = j1
time = 6
queues = 

[junction_report]
id = j2
time = 6
queues = (r1, green, []), (r3, red, [])

[junction_report]
id = j3
time = 6
queues = (r2, green, [])

[junction_report]
id = j4
time = 6
queues = 

[junction_report]
id = j5
time = 6
queues = (r4, green, [])

[road_report]
id = r1
time = 6
state = 

[road_report]
id = r2
time = 6
state = 

[road_report]
id = r3
time = 6
state = 

[road_report]
id = r4
time = 6
state = (v2, 40)

[vehicle_report]
id = v1
time = 6
speed = 0
kilometrage = 100
faulty = 0
location = arrived

[vehicle_report]
id = v2
time = 6
speed = 20
kilometrage = 90
faulty = 0
location = (r4, 40)

[junction_report]
id = j1
time = 7
queues = 

[junction_report]
id = j2
time = 7
queues = (r1, red, []), (r3, green, [])

[junction_report]
id = j3
time = 7
queues = (r2, green, [])

[junction_report]
id = j4
time = 7
queues = 

[junction_report]
id = j5
time = 7
queues = (r4, green, [])

[road_report]
id = r1
time = 7
state = 

[road_report]
id = r2
time = 7
state = 

[road_report]
id = r3
time = 7
state = 

[road_report]
id = r4
time = 7
state = 

[vehicle_report]
id = v1
time = 7
speed = 0
kilometrage = 100
faulty = 0
location = arrived

[vehicle_report]
id = v2
time = 7
speed = 0
kilometrage = 100
faulty = 0
location = arrived

[junction_report]
id = j1
time = 8
queues = 

[junction_report]
id = j2
time = 8
queues = (r1, green, []), (r3, red, [])

[junction_report]
id = j3
time = 8
queues = (r2, green, [])

[junction_report]
id = j4
time = 8
queues = 

[junction_report]
id = j5
time = 8
queues = (r4, green, [])

[road_report]
id = r1
time = 8
state = 

[road_report]
id = r2
time = 8
state = 

[road_report]
id = r3
time = 8
state = 

[road_report]
id = r4
time = 8
state = 

[vehicle_report]
id = v1
time = 8
speed = 0
kilometrage = 100
faulty = 0
location = arrived

[vehicle_report]
id = v2
time = 8
speed = 0
kilometrage = 100
faulty = 0
location = arrived

[junction_report]
id = j1
time = 9
queues = 

[junction_report]
id = j2
time = 9
queues = (r1, red, []), (r3, green, [])

[junction_report]
id = j3
time = 9
queues = (r2, green, [])

[junction_report]
id = j4
time = 9
queues = 

[junction_report]
id = j5
time = 9
queues = (r4, green, [])

[road_report]
id = r1
time = 9
state = 

[road_report]
id = r2
time = 9
state = 

[road_report]
id = r3
time = 9
state = 

[road_report]
id = r4
time = 9
state = 

[vehicle_report]
id = v1
time = 9
speed = 0
kilometrage = 100
faulty = 0
location = arrived

[vehicle_report]
id = v2
time = 9
speed = 0
kilometrage = 100
faulty = 0
location = arrived

[junction_report]
id = j1
time = 10
queues = 

[junction_report]
id = j2
time = 10
queues = (r1, green, []), (r3, red, [])

[junction_report]
id = j3
time = 10
queues = (r2, green, [])

[junction_report]
id = j4
time = 10
queues = 

[junction_report]
id = j5
time = 10
queues = (r4, green, [])

[road_report]
id = r1
time = 10
state = 

[road_report]
id = r2
time = 10
state = 

[road_report]
id = r3
time = 10
state = 

[road_report]
id = r4
time = 10
state = 

[vehicle_report]
id = v1
time = 10
speed = 0
kilometrage = 100
faulty = 0
location = arrived

[vehicle_report]
id = v2
time = 10
speed = 0
kilometrage = 100
faulty = 0
location = arrived

[junction_report]
id = j1
time = 11
queues = 

[junction_report]
id = j2
time = 11
queues = (r1, red, []), (r3, green, [])

[junction_report]
id = j3
time = 11
queues = (r2, green, [])

[junction_report]
id = j4
time = 11
queues = 

[junction_report]
id = j5
time = 11
queues = (r4, green, [])

[road_report]
id = r1
time = 11
state = 

[road_report]
id = r2
time = 11
state = 

[road_report]
id = r3
time = 11
state = 

[road_report]
id = r4
time = 11
state = 

[vehicle_report]
id = v1
time = 11
speed = 0
kilometrage = 100
faulty = 0
location = arrived

[vehicle_report]
id = v2
time = 11
speed = 0
kilometrage = 100
faulty = 0
location = arrived

[junction_report]
id = j1
time = 12
queues = 

[junction_report]
id = j2
time = 12
queues = (r1, green, []), (r3, red, [])

[junction_report]
id = j3
time = 12
queues = (r2, green, [])

[junction_report]
id = j4
time = 12
queues = 

[junction_report]
id = j5
time = 12
queues = (r4, green, [])

[road_report]
id = r1
time = 12
state = 

[road_report]
id = r2
time = 12
state = 

[road_report]
id = r3
time = 12
state = 

[road_report]
id = r4
time = 12
state = 

[vehicle_report]
id = v1
time = 12
speed = 0
kilometrage = 100
faulty = 0
location = arrived

[vehicle_report]
id = v2
time = 12
speed = 0
kilometrage = 100
faulty = 0
location = arrived

[junction_report]
id = j1
time = 13
queues = 

[junction_report]
id = j2
time = 13
queues = (r1, red, []), (r3, green, [])

[junction_report]
id = j3
time = 13
queues = (r2, green, [])

[junction_report]
id = j4
time = 13
queues = 

[junction_report]
id = j5
time = 13
queues = (r4, green, [])

[road_report]
id = r1
time = 13
state = 

[road_report]
id = r2
time = 13
state = 

[road_report]
id = r3
time = 13
state = 

[road_report]
id = r4
time = 13
state = 

[vehicle_report]
id = v1
time = 13
speed = 0
kilometrage = 100
faulty = 0
location = arrived

[vehicle_report]
id = v2
time = 13
speed = 0
kilometrage = 100
faulty = 0
location = arrived

[junction_report]
id = j1
time = 14
queues = 

[junction_report]
id = j2
time = 14
queues = (r1, green, []), (r3, red, [])

[junction_report]
id = j3
time = 14
queues = (r2, green, [])

[junction_report]
id = j4
time = 14
queues = 

[junction_report]
id = j5
time = 14
queues = (r4, green, [])

[road_report]
id = r1
time = 14
state = 

[road_report]
id = r2
time = 14
state = 

[road_report]
id = r3
time = 14
state = 

[road_report]
id = r4
time = 14
state = 

[vehicle_report]
id = v1
time = 14
speed = 0
kilometrage = 100
faulty = 0
location = arrived

[vehicle_report]
id = v2
time = 14
speed = 0
kilometrage = 100
faulty = 0
location = arrived

[junction_report]
id = j1
time = 15
queues = 

[junction_report]
id = j2
time = 15
queues = (r1, red, []), (r3, green, [])

[junction_report]
id = j3
time = 15
queues = (r2, green, [])

[junction_report]
id = j4
time = 15
queues = 

[junction_report]
id = j5
time = 15
queues = (r4, green, [])

[road_report]
id = r1
time = 15
state = 

[road_report]
id = r2
time = 15
state = 

[road_report]
id = r3
time = 15
state = 

[road_report]
id = r4
time = 15
state = 

[vehicle_report]
id = v1
time = 15
speed = 0
kilometrage = 100
faulty = 0
location = arrived

[vehicle_report]
id = v2
time = 15
speed = 0
kilometrage = 100
faulty = 0
location = arrived

[junction_report]
id = j1
time = 16
queues = 

[junction_report]
id = j2
time = 16
queues = (r1, green, []), (r3, red, [])

[junction_report]
id = j3
time = 16
queues = (r2, green, [])

[junction_report]
id = j4
time = 16
queues = 

[junction_report]
id = j5
time = 16
queues = (r4, green, [])

[road_report]
id = r1
time = 16
state = 

[road_report]
id = r2
time = 16
state = 

[road_report]
id = r3
time = 16
state = 

[road_report]
id = r4
time = 16
state = 

[vehicle_report]
id = v1
time = 16
speed = 0
kilometrage = 100
faulty = 0
location = arrived

[vehicle_report]
id = v2
time = 16
speed = 0
kilometrage = 100
faulty = 0
location = arrived

[junction_report]
id = j1
time = 17
queues = 

[junction_report]
id = j2
time = 17
queues = (r1, red, []), (r3, green, [])

[junction_report]
id = j3
time = 17
queues = (r2, green, [])

[junction_report]
id = j4
time = 17
queues = 

[junction_report]
id = j5
time = 17
queues = (r4, green, [])

[road_report]
id = r1
time = 17
state = 

[road_report]
id = r2
time = 17
state = 

[road_report]
id = r3
time = 17
state = 

[road_report]
id = r4
time = 17
state = 

[vehicle_report]
id = v1
time = 17
speed = 0
kilometrage = 100
faulty = 0
location = arrived

[vehicle_report]
id = v2
time = 17
speed = 0
kilometrage = 100
faulty = 0
location = arrived

[junction_report]
id = j1
time = 18
queues = 

[junction_report]
id = j2
time = 18
queues = (r1, green, []), (r3, red, [])

[junction_report]
id = j3
time = 18
queues = (r2, green, [])

[junction_report]
id = j4
time = 18
queues = 

[junction_report]
id = j5
time = 18
queues = (r4, green, [])

[road_report]
id = r1
time = 18
state = 

[road_report]
id = r2
time = 18
state = 

[road_report]
id = r3
time = 18
state = 

[road_report]
id = r4
time = 18
state = 

[vehicle_report]
id = v1
time = 18
speed = 0
kilometrage = 100
faulty = 0
location = arrived

[vehicle_report]
id = v2
time = 18
speed = 0
kilometrage = 100
faulty = 0
location = arrived

[junction_report]
id = j1
time = 19
queues = 

[junction_report]
id = j2
time = 19
queues = (r1, red, []), (r3, green, [])

[junction_report]
id = j3
time = 19
queues = (r2, green, [])

[junction_report]
id = j4
time = 19
queues = 

[junction_report]
id = j5
time = 19
queues = (r4, green, [])

[road_report]
id = r1
time = 19
state = 

[road_report]
id = r2
time = 19
state = 

[road_report]
id = r3
time = 19
state = 

[road_report]
id = r4
time = 19
state = 

[vehicle_report]
id = v1
time = 19
speed = 0
kilometrage = 100
faulty = 0
location = arrived

[vehicle_report]
id = v2
time = 19
speed = 0
kilometrage = 100
faulty = 0
location = arrived

[junction_report]
id = j1
time = 20
queues = 

[junction_report]
id = j2
time = 20
queues = (r1, green, []), (r3, red, [])

[junction_report]
id = j3
time = 20
queues = (r2, green, [])

[junction_report]
id = j4
time = 20
queues = 

[junction_report]
id = j5
time = 20
queues = (r4, green, [])

[road_report]
id = r1
time = 20
state = 

[road_report]
id = r2
time = 20
state = 

[road_report]
id = r3
time = 20
state = 

[road_report]
id = r4
time = 20
state = 

[vehicle_report]
id = v1
time = 20
speed = 0
kilometrage = 100
faulty = 0
location = arrived

[vehicle_report]
id = v2
time = 20
speed = 0
kilometrage = 100
faulty = 0
location = arrived

[junction_report]
id = j1
time = 21
queues = 

[junction_report]
id = j2
time = 21
queues = (r1, red, []), (r3, green, [])

[junction_report]
id = j3
time = 21
queues = (r2, green, [])

[junction_report]
id = j4
time = 21
queues = 

[junction_report]
id = j5
time = 21
queues = (r4, green, [])

[road_report]
id = r1
time = 21
state = 

[road_report]
id = r2
time = 21
state = 

[road_report]
id = r3
time = 21
state = 

[road_report]
id = r4
time = 21
state = 

[vehicle_report]
id = v1
time = 21
speed = 0
kilometrage = 100
faulty = 0
location = arrived

[vehicle_report]
id = v2
time = 21
speed = 0
kilometrage = 100
faulty = 0
location = arrived

[junction_report]
id = j1
time = 22
queues = 

[junction_report]
id = j2
time = 22
queues = (r1, green, []), (r3, red, [])

[junction_report]
id = j3
time = 22
queues = (r2, green, [])

[junction_report]
id = j4
time = 22
queues = 

[junction_report]
id = j5
time = 22
queues = (r4, green, [])

[road_report]
id = r1
time = 22
state = 

[road_report]
id = r2
time = 22
state = 

[road_report]
id = r3
time = 22
state = 

[road_report]
id = r4
time = 22
state = 

[vehicle_report]
id = v1
time = 22
speed = 0
kilometrage = 100
faulty = 0
location = arrived

[vehicle_report]
id = v2
time = 22
speed = 0
kilometrage = 100
faulty = 0
location = arrived

[junction_report]
id = j1
time = 23
queues = 

[junction_report]
id = j2
time = 23
queues = (r1, red, []), (r3, green, [])

[junction_report]
id = j3
time = 23
queues = (r2, green, [])

[junction_report]
id = j4
time = 23
queues = 

[junction_report]
id = j5
time = 23
queues = (r4, green, [])

[road_report]
id = r1
time = 23
state = 

[road_report]
id = r2
time = 23
state = 

[road_report]
id = r3
time = 23
state = 

[road_report]
id = r4
time = 23
state = 

[vehicle_report]
id = v1
time = 23
speed = 0
kilometrage = 100
faulty = 0
location = arrived

[vehicle_report]
id = v2
time = 23
speed = 0
kilometrage = 100
faulty = 0
location = arrived

[junction_report]
id = j1
time = 24
queues = 

[junction_report]
id = j2
time = 24
queues = (r1, green, []), (r3, red, [])

[junction_report]
id = j3
time = 24
queues = (r2, green, [])

[junction_report]
id = j4
time = 24
queues = 

[junction_report]
id = j5
time = 24
queues = (r4, green, [])

[road_report]
id = r1
time = 24
state = 

[road_report]
id = r2
time = 24
state = 

[road_report]
id = r3
time = 24
state = 

[road_report]
id = r4
time = 24
state = 

[vehicle_report]
id = v1
time = 24
speed = 0
kilometrage = 100
faulty = 0
location = arrived

[vehicle_report]
id = v2
time = 24
speed = 0
kilometrage = 100
faulty = 0
location = arrived

[junction_report]
id = j1
time = 25
queues = 

[junction_report]
id = j2
time = 25
queues = (r1, red, []), (r3, green, [])

[junction_report]
id = j3
time = 25
queues = (r2, green, [])

[junction_report]
id = j4
time = 25
queues = 

[junction_report]
id = j5
time = 25
queues = (r4, green, [])

[road_report]
id = r1
time = 25
state = 

[road_report]
id = r2
time = 25
state = 

[road_report]
id = r3
time = 25
state = 

[road_report]
id = r4
time = 25
state = 

[vehicle_report]
id = v1
time = 25
speed = 0
kilometrage = 100
faulty = 0
location = arrived

[vehicle_report]
id = v2
time = 25
speed = 0
kilometrage = 100
faulty = 0
location = arrived

[junction_report]
id = j1
time = 26
queues = 

[junction_report]
id = j2
time = 26
queues = (r1, green, []), (r3, red, [])

[junction_report]
id = j3
time = 26
queues = (r2, green, [])

[junction_report]
id = j4
time = 26
queues = 

[junction_report]
id = j5
time = 26
queues = (r4, green, [])

[road_report]
id = r1
time = 26
state = 

[road_report]
id = r2
time = 26
state = 

[road_report]
id = r3
time = 26
state = 

[road_report]
id = r4
time = 26
state = 

[vehicle_report]
id = v1
time = 26
speed = 0
kilometrage = 100
faulty = 0
location = arrived

[vehicle_report]
id = v2
time = 26
speed = 0
kilometrage = 100
faulty = 0
location = arrived

[junction_report]
id = j1
time = 27
queues = 

[junction_report]
id = j2
time = 27
queues = (r1, red, []), (r3, green, [])

[junction_report]
id = j3
time = 27
queues = (r2, green, [])

[junction_report]
id = j4
time = 27
queues = 

[junction_report]
id = j5
time = 27
queues = (r4, green, [])

[road_report]
id = r1
time = 27
state = 

[road_report]
id = r2
time = 27
state = 

[road_report]
id = r3
time = 27
state = 

[road_report]
id = r4
time = 27
state = 

[vehicle_report]
id = v1
time = 27
speed = 0
kilometrage = 100
faulty = 0
location = arrived

[vehicle_report]
id = v2
time = 27
speed = 0
kilometrage = 100
faulty = 0
location = arrived

[junction_report]
id = j1
time = 28
queues = 

[junction_report]
id = j2
time = 28
queues = (r1, green, []), (r3, red, [])

[junction_report]
id = j3
time = 28
queues = (r2, green, [])

[junction_report]
id = j4
time = 28
queues = 

[junction_report]
id = j5
time = 28
queues = (r4, green, [])

[road_report]
id = r1
time = 28
state = 

[road_report]
id = r2
time = 28
state = 

[road_report]
id = r3
time = 28
state = 

[road_report]
id = r4
time = 28
state = 

[vehicle_report]
id = v1
time = 28
speed = 0
kilometrage = 100
faulty = 0
location = arrived

[vehicle_report]
id = v2
time = 28
speed = 0
kilometrage = 100
faulty = 0
location = arrived

[junction_report]
id = j1
time = 29
queues = 

[junction_report]
id = j2
time = 29
queues = (r1, red, []), (r3, green, [])

[junction_report]
id = j3
time = 29
queues = (r2, green, [])

[junction_report]
id = j4
time = 29
queues = 

[junction_report]
id = j5
time = 29
queues = (r4, green, [])

[road_report]
id = r1
time = 29
state = 

[road_report]
id = r2
time = 29
state = 

[road_report]
id = r3
time = 29
state = 

[road_report]
id = r4
time = 29
state = 

[vehicle_report]
id = v1
time = 29
speed = 0
kilometrage = 100
faulty = 0
location = arrived

[vehicle_report]
id = v2
time = 29
speed = 0
kilometrage = 100
faulty = 0
location = arrived

[junction_report]
id = j1
time = 30
queues = 

[junction_report]
id = j2
time = 30
queues = (r1, green, []), (r3, red, [])

[junction_report]
id = j3
time = 30
queues = (r2, green, [])

[junction_report]
id = j4
time = 30
queues = 

[junction_report]
id = j5
time = 30
queues = (r4, green, [])

[road_report]
id = r1
time = 30
state = 

[road_report]
id = r2
time = 30
state = 

[road_report]
id = r3
time = 30
state = 

[road_report]
id = r4
time = 30
state = 

[vehicle_report]
id = v1
time = 30
speed = 0
kilometrage = 100
faulty = 0
location = arrived

[vehicle_report]
id = v2
time = 30
speed = 0
kilometrage = 100
faulty = 0
location = arrived

[junction_report]
id = j1
time = 31
queues = 

[junction_report]
id = j2
time = 31
queues = (r1, red, []), (r3, green, [])

[junction_report]
id = j3
time = 31
queues = (r2, green, [])

[junction_report]
id = j4
time = 31
queues = 

[junction_report]
id = j5
time = 31
queues = (r4, green, [])

[road_report]
id = r1
time = 31
state = 

[road_report]
id = r2
time = 31
state = 

[road_report]
id = r3
time = 31
state = 

[road_report]
id = r4
time = 31
state = 

[vehicle_report]
id = v1
time = 31
speed = 0
kilometrage = 100
faulty = 0
location = arrived

[vehicle_report]
id = v2
time = 31
speed = 0
kilometrage = 100
faulty = 0
location = arrived

[junction_report]
id = j1
time = 32
queues = 

[junction_report]
id = j2
time = 32
queues = (r1, green, []), (r3, red, [])

[junction_report]
id = j3
time = 32
queues = (r2, green, [])

[junction_report]
id = j4
time = 32
queues = 

[junction_report]
id = j5
time = 32
queues = (r4, green, [])

[road_report]
id = r1
time = 32
state = 

[road_report]
id = r2
time = 32
state = 

[road_report]
id = r3
time = 32
state = 

[road_report]
id = r4
time = 32
state = 

[vehicle_report]
id = v1
time = 32
speed = 0
kilometrage = 100
faulty = 0
location = arrived

[vehicle_report]
id = v2
time = 32
speed = 0
kilometrage = 100
faulty = 0
location = arrived

[junction_report]
id = j1
time = 33
queues = 

[junction_report]
id = j2
time = 33
queues = (r1, red, []), (r3, green, [])

[junction_report]
id = j3
time = 33
queues = (r2, green, [])

[junction_report]
id = j4
time = 33
queues = 

[junction_report]
id = j5
time = 33
queues = (r4, green, [])

[road_report]
id = r1
time = 33
state = 

[road_report]
id = r2
time = 33
state = 

[road_report]
id = r3
time = 33
state = 

[road_report]
id = r4
time = 33
state = 

[vehicle_report]
id = v1
time = 33
speed = 0
kilometrage = 100
faulty = 0
location = arrived

[vehicle_report]
id = v2
time = 33
speed = 0
kilometrage = 100
faulty = 0
location = arrived

[junction_report]
id = j1
time = 34
queues = 

[junction_report]
id = j2
time = 34
queues = (r1, green, []), (r3, red, [])

[junction_report]
id = j3
time = 34
queues = (r2, green, [])

[junction_report]
id = j4
time = 34
queues = 

[junction_report]
id = j5
time = 34
queues = (r4, green, [])

[road_report]
id = r1
time = 34
state = 

[road_report]
id = r2
time = 34
state = 

[road_report]
id = r3
time = 34
state = 

[road_report]
id = r4
time = 34
state = 

[vehicle_report]
id = v1
time = 34
speed = 0
kilometrage = 100
faulty = 0
location = arrived

[vehicle_report]
id = v2
time = 34
speed = 0
kilometrage = 100
faulty = 0
location = arrived

[junction_report]
id = j1
time = 35
queues = 

[junction_report]
id = j2
time = 35
queues = (r1, red, []), (r3, green, [])

[junction_report]
id = j3
time = 35
queues = (r2, green, [])

[junction_report]
id = j4
time = 35
queues = 

[junction_report]
id = j5
time = 35
queues = (r4, green, [])

[road_report]
id = r1
time = 35
state = 

[road_report]
id = r2
time = 35
state = 

[road_report]
id = r3
time = 35
state = 

[road_report]
id = r4
time = 35
state = 

[vehicle_report]
id = v1
time = 35
speed = 0
kilometrage = 100
faulty = 0
location = arrived

[vehicle_report]
id = v2
time = 35
speed = 0
kilometrage = 100
faulty = 0
location = arrived

[junction_report]
id = j1
time = 36
queues = 

[junction_report]
id = j2
time = 36
queues = (r1, green, []), (r3, red, [])

[junction_report]
id = j3
time = 36
queues = (r2, green, [])

[junction_report]
id = j4
time = 36
queues = 

[junction_report]
id = j5
time = 36
queues = (r4, green, [])

[road_report]
id = r1
time = 36
state = 

[road_report]
id = r2
time = 36
state = 

[road_report]
id = r3
time = 36
state = 

[road_report]
id = r4
time = 36
state = 

[vehicle_report]
id = v1
time = 36
speed = 0
kilometrage = 100
faulty = 0
location = arrived

[vehicle_report]
id = v2
time = 36
speed = 0
kilometrage = 100
faulty = 0
location = arrived

[junction_report]
id = j1
time = 37
queues = 

[junction_report]
id = j2
time = 37
queues = (r1, red, []), (r3, green, [])

[junction_report]
id = j3
time = 37
queues = (r2, green, [])

[junction_report]
id = j4
time = 37
queues = 

[junction_report]
id = j5
time = 37
queues = (r4, green, [])

[road_report]
id = r1
time = 37
state = 

[road_report]
id = r2
time = 37
state = 

[road_report]
id = r3
time = 37
state = 

[road_report]
id = r4
time = 37
state = 

[vehicle_report]
id = v1
time = 37
speed = 0
kilometrage = 100
faulty = 0
location = arrived

[vehicle_report]
id = v2
time = 37
speed = 0
kilometrage = 100
faulty = 0
location = arrived

[junction_report]
id = j1
time = 38
queues = 

[junction_report]
id = j2
time = 38
queues = (r1, green, []), (r3, red, [])

[junction_report]
id = j3
time = 38
queues = (r2, green, [])

[junction_report]
id = j4
time = 38
queues = 

[junction_report]
id = j5
time = 38
queues = (r4, green, [])

[road_report]
id = r1
time = 38
state = 

[road_report]
id = r2
time = 38
state = 

[road_report]
id = r3
time = 38
state = 

[road_report]
id = r4
time = 38
state = 

[vehicle_report]
id = v1
time = 38
speed = 0
kilometrage = 100
faulty = 0
location = arrived

[vehicle_report]
id = v2
time = 38
speed = 0
kilometrage = 100
faulty = 0
location = arrived

[junction_report]
id = j1
time = 39
queues = 

[junction_report]
id = j2
time = 39
queues = (r1, red, []), (r3, green, [])

[junction_report]
id = j3
time = 39
queues = (r2, green, [])

[junction_report]
id = j4
time = 39
queues = 

[junction_report]
id = j5
time = 39
queues = (r4, green, [])

[road_report]
id = r1
time = 39
state = 

[road_report]
id = r2
time = 39
state = 

[road_report]
id = r3
time = 39
state = 

[road_report]
id = r4
time = 39
state = 

[vehicle_report]
id = v1
time = 39
speed = 0
kilometrage = 100
faulty = 0
location = arrived

[vehicle_report]
id = v2
time = 39
speed = 0
kilometrage = 100
faulty = 0
location = arrived

[junction_report]
id = j1
time = 40
queues = 

[junction_report]
id = j2
time = 40
queues = (r1, green, []), (r3, red, [])

[junction_report]
id = j3
time = 40
queues = (r2, green, [])

[junction_report]
id = j4
time = 40
queues = 

[junction_report]
id = j5
time = 40
queues = (r4, green, [])

[road_report]
id = r1
time = 40
state = 

[road_report]
id = r2
time = 40
state = 

[road_report]
id = r3
time = 40
state = 

[road_report]
id = r4
time = 40
state = 

[vehicle_report]
id = v1
time = 40
speed = 0
kilometrage = 100
faulty = 0
location = arrived

[vehicle_report]
id = v2
time = 40
speed = 0
kilometrage = 100
faulty = 0
location = arrived

[junction_report]
id = j1
time = 41
queues = 

[junction_report]
id = j2
time = 41
queues = (r1, red, []), (r3, green, [])

[junction_report]
id = j3
time = 41
queues = (r2, green, [])

[junction_report]
id = j4
time = 41
queues = 

[junction_report]
id = j5
time = 41
queues = (r4, green, [])

[road_report]
id = r1
time = 41
state = 

[road_report]
id = r2
time = 41
state = 

[road_report]
id = r3
time = 41
state = 

[road_report]
id = r4
time = 41
state = 

[vehicle_report]
id = v1
time = 41
speed = 0
kilometrage = 100
faulty = 0
location = arrived

[vehicle_report]
id = v2
time = 41
speed = 0
kilometrage = 100
faulty = 0
location = arrived

[junction_report]
id = j1
time = 42
queues = 

[junction_report]
id = j2
time = 42
queues = (r1, green, []), (r3, red, [])

[junction_report]
id = j3
time = 42
queues = (r2, green, [])

[junction_report]
id = j4
time = 42
queues = 

[junction_report]
id = j5
time = 42
queues = (r4, green, [])

[road_report]
id = r1
time = 42
state = 

[road_report]
id = r2
time = 42
state = 

[road_report]
id = r3
time = 42
state = 

[road_report]
id = r4
time = 42
state = 

[vehicle_report]
id = v1
time = 42
speed = 0
kilometrage = 100
faulty = 0
location = arrived

[vehicle_report]
id = v2
time = 42
speed = 0
kilometrage = 100
faulty = 0
location = arrived

[junction_report]
id = j1
time = 43
queues = 

[junction_report]
id = j2
time = 43
queues = (r1, red, []), (r3, green, [])

[junction_report]
id = j3
time = 43
queues = (r2, green, [])

[junction_report]
id = j4
time = 43
queues = 

[junction_report]
id = j5
time = 43
queues = (r4, green, [])

[road_report]
id = r1
time = 43
state = 

[road_report]
id = r2
time = 43
state = 

[road_report]
id = r3
time = 43
state = 

[road_report]
id = r4
time = 43
state = 

[vehicle_report]
id = v1
time = 43
speed = 0
kilometrage = 100
faulty = 0
location = arrived

[vehicle_report]
id = v2
time = 43
speed = 0
kilometrage = 100
faulty = 0
location = arrived

[junction_report]
id = j1
time = 44
queues = 

[junction_report]
id = j2
time = 44
queues = (r1, green, []), (r3, red, [])

[junction_report]
id = j3
time = 44
queues = (r2, green, [])

[junction_report]
id = j4
time = 44
queues = 

[junction_report]
id = j5
time = 44
queues = (r4, green, [])

[road_report]
id = r1
time = 44
state = 

[road_report]
id = r2
time = 44
state = 

[road_report]
id = r3
time = 44
state = 

[road_report]
id = r4
time = 44
state = 

[vehicle_report]
id = v1
time = 44
speed = 0
kilometrage = 100
faulty = 0
location = arrived

[vehicle_report]
id = v2
time = 44
speed = 0
kilometrage = 100
faulty = 0
location = arrived

[junction_report]
id = j1
time = 45
queues = 

[junction_report]
id = j2
time = 45
queues = (r1, red, []), (r3, green, [])

[junction_report]
id = j3
time = 45
queues = (r2, green, [])

[junction_report]
id = j4
time = 45
queues = 

[junction_report]
id = j5
time = 45
queues = (r4, green, [])

[road_report]
id = r1
time = 45
state = 

[road_report]
id = r2
time = 45
state = 

[road_report]
id = r3
time = 45
state = 

[road_report]
id = r4
time = 45
state = 

[vehicle_report]
id = v1
time = 45
speed = 0
kilometrage = 100
faulty = 0
location = arrived

[vehicle_report]
id = v2
time = 45
speed = 0
kilometrage = 100
faulty = 0
location = arrived

[junction_report]
id = j1
time = 46
queues = 

[junction_report]
id = j2
time = 46
queues = (r1, green, []), (r3, red, [])

[junction_report]
id = j3
time = 46
queues = (r2, green, [])

[junction_report]
id = j4
time = 46
queues = 

[junction_report]
id = j5
time = 46
queues = (r4, green, [])

[road_report]
id = r1
time = 46
state = 

[road_report]
id = r2
time = 46
state = 

[road_report]
id = r3
time = 46
state = 

[road_report]
id = r4
time = 46
state = 

[vehicle_report]
id = v1
time = 46
speed = 0
kilometrage = 100
faulty = 0
location = arrived

[vehicle_report]
id = v2
time = 46
speed = 0
kilometrage = 100
faulty = 0
location = arrived

[junction_report]
id = j1
time = 47
queues = 

[junction_report]
id = j2
time = 47
queues = (r1, red, []), (r3, green, [])

[junction_report]
id = j3
time = 47
queues = (r2, green, [])

[junction_report]
id = j4
time = 47
queues = 

[junction_report]
id = j5
time = 47
queues = (r4, green, [])

[road_report]
id = r1
time = 47
state = 

[road_report]
id = r2
time = 47
state = 

[road_report]
id = r3
time = 47
state = 

[road_report]
id = r4
time = 47
state = 

[vehicle_report]
id = v1
time = 47
speed = 0
kilometrage = 100
faulty = 0
location = arrived

[vehicle_report]
id = v2
time = 47
speed = 0
kilometrage = 100
faulty = 0
location = arrived

[junction_report]
id = j1
time = 48
queues = 

[junction_report]
id = j2
time = 48
queues = (r1, green, []), (r3, red, [])

[junction_report]
id = j3
time = 48
queues = (r2, green, [])

[junction_report]
id = j4
time = 48
queues = 

[junction_report]
id = j5
time = 48
queues = (r4, green, [])

[road_report]
id = r1
time = 48
state = 

[road_report]
id = r2
time = 48
state = 

[road_report]
id = r3
time = 48
state = 

[road_report]
id = r4
time = 48
state = 

[vehicle_report]
id = v1
time = 48
speed = 0
kilometrage = 100
faulty = 0
location = arrived

[vehicle_report]
id = v2
time = 48
speed = 0
kilometrage = 100
faulty = 0
location = arrived

[junction_report]
id = j1
time = 49
queues = 

[junction_report]
id = j2
time = 49
queues = (r1, red, []), (r3, green, [])

[junction_report]
id = j3
time = 49
queues = (r2, green, [])

[junction_report]
id = j4
time = 49
queues = 

[junction_report]
id = j5
time = 49
queues = (r4, green, [])

[road_report]
id = r1
time = 49
state = 

[road_report]
id = r2
time = 49
state = 

[road_report]
id = r3
time = 49
state = 

[road_report]
id = r4
time = 49
state = 

[vehicle_report]
id = v1
time = 49
speed = 0
kilometrage = 100
faulty = 0
location = arrived

[vehicle_report]
id = v2
time = 49
speed = 0
kilometrage = 100
faulty = 0
location = arrived

[junction_report]
id = j1
time = 50
queues = 

[junction_report]
id = j2
time = 50
queues = (r1, green, []), (r3, red, [])

[junction_report]
id = j3
time = 50
queues = (r2, green, [])

[junction_report]
id = j4
time = 50
queues = 

[junction_report]
id = j5
time = 50
queues = (r4, green, [])

[road_report]
id = r1
time = 50
state = 

[road_report]
id = r2
time = 50
state = 

[road_report]
id = r3
time = 50
state = 

[road_report]
id = r4
time = 50
state = 

[vehicle_report]
id = v1
time = 50
speed = 0
kilometrage = 100
faulty = 0
location = arrived

[vehicle_report]
id = v2
time = 50
speed = 0
kilometrage = 100
faulty = 0
location = arrived

[junction_report]
id = j1
time = 51
queues = 

[junction_report]
id = j2
time = 51
queues = (r1, red, []), (r3, green, [])

[junction_report]
id = j3
time = 51
queues = (r2, green, [])

[junction_report]
id = j4
time = 51
queues = 

[junction_report]
id = j5
time = 51
queues = (r4, green, [])

[road_report]
id = r1
time = 51
state = 

[road_report]
id = r2
time = 51
state = 

[road_report]
id = r3
time = 51
state = 

[road_report]
id = r4
time = 51
state = 

[vehicle_report]
id = v1
time = 51
speed = 0
kilometrage = 100
faulty = 0
location = arrived

[vehicle_report]
id = v2
time = 51
speed = 0
kilometrage = 100
faulty = 0
location = arrived

[junction_report]
id = j1
time = 52
queues = 

[junction_report]
id = j2
time = 52
queues = (r1, green, []), (r3, red, [])

[junction_report]
id = j3
time = 52
queues = (r2, green, [])

[junction_report]
id = j4
time = 52
queues = 

[junction_report]
id = j5
time = 52
queues = (r4, green, [])

[road_report]
id = r1
time = 52
state = 

[road_report]
id = r2
time = 52
state = 

[road_report]
id = r3
time = 52
state = 

[road_report]
id = r4
time = 52
state = 

[vehicle_report]
id = v1
time = 52
speed = 0
kilometrage = 100
faulty = 0
location = arrived

[vehicle_report]
id = v2
time = 52
speed = 0
kilometrage = 100
faulty = 0
location = arrived

[junction_report]
id = j1
time = 53
queues = 

[junction_report]
id = j2
time = 53
queues = (r1, red, []), (r3, green, [])

[junction_report]
id = j3
time = 53
queues = (r2, green, [])

[junction_report]
id = j4
time = 53
queues = 

[junction_report]
id = j5
time = 53
queues = (r4, green, [])

[road_report]
id = r1
time = 53
state = 

[road_report]
id = r2
time = 53
state = 

[road_report]
id = r3
time = 53
state = 

[road_report]
id = r4
time = 53
state = 

[vehicle_report]
id = v1
time = 53
speed = 0
kilometrage = 100
faulty = 0
location = arrived

[vehicle_report]
id = v2
time = 53
speed = 0
kilometrage = 100
faulty = 0
location = arrived

[junction_report]
id = j1
time = 54
queues = 

[junction_report]
id = j2
time = 54
queues = (r1, green, []), (r3, red, [])

[junction_report]
id = j3
time = 54
queues = (r2, green, [])

[junction_report]
id = j4
time = 54
queues = 

[junction_report]
id = j5
time = 54
queues = (r4, green, [])

[road_report]
id = r1
time = 54
state = 

[road_report]
id = r2
time = 54
state = 

[road_report]
id = r3
time = 54
state = 

[road_report]
id = r4
time = 54
state = 

[vehicle_report]
id = v1
time = 54
speed = 0
kilometrage = 100
faulty = 0
location = arrived

[vehicle_report]
id = v2
time = 54
speed = 0
kilometrage = 100
faulty = 0
location = arrived

[junction_report]
id = j1
time = 55
queues = 

[junction_report]
id = j2
time = 55
queues = (r1, red, []), (r3, green, [])

[junction_report]
id = j3
time = 55
queues = (r2, green, [])

[junction_report]
id = j4
time = 55
queues = 

[junction_report]
id = j5
time = 55
queues = (r4, green, [])

[road_report]
id = r1
time = 55
state = 

[road_report]
id = r2
time = 55
state = 

[road_report]
id = r3
time = 55
state = 

[road_report]
id = r4
time = 55
state = 

[vehicle_report]
id = v1
time = 55
speed = 0
kilometrage = 100
faulty = 0
location = arrived

[vehicle_report]
id = v2
time = 55
speed = 0
kilometrage = 100
faulty = 0
location = arrived

[junction_report]
id = j1
time = 56
queues = 

[junction_report]
id = j2
time = 56
queues = (r1, green, []), (r3, red, [])

[junction_report]
id = j3
time = 56
queues = (r2, green, [])

[junction_report]
id = j4
time = 56
queues = 

[junction_report]
id = j5
time = 56
queues = (r4, green, [])

[road_report]
id = r1
time = 56
state = 

[road_report]
id = r2
time = 56
state = 

[road_report]
id = r3
time = 56
state = 

[road_report]
id = r4
time = 56
state = 

[vehicle_report]
id = v1
time = 56
speed = 0
kilometrage = 100
faulty = 0
location = arrived

[vehicle_report]
id = v2
time = 56
speed = 0
kilometrage = 100
faulty = 0
location = arrived

[junction_report]
id = j1
time = 57
queues = 

[junction_report]
id = j2
time = 57
queues = (r1, red, []), (r3, green, [])

[junction_report]
id = j3
time = 57
queues = (r2, green, [])

[junction_report]
id = j4
time = 57
queues = 

[junction_report]
id = j5
time = 57
queues = (r4, green, [])

[road_report]
id = r1
time = 57
state = 

[road_report]
id = r2
time = 57
state = 

[road_report]
id = r3
time = 57
state = 

[road_report]
id = r4
time = 57
state = 

[vehicle_report]
id = v1
time = 57
speed = 0
kilometrage = 100
faulty = 0
location = arrived

[vehicle_report]
id = v2
time = 57
speed = 0
kilometrage = 100
faulty = 0
location = arrived

[junction_report]
id = j1
time = 58
queues = 

[junction_report]
id = j2
time = 58
queues = (r1, green, []), (r3, red, [])

[junction_report]
id = j3
time = 58
queues = (r2, green, [])

[junction_report]
id = j4
time = 58
queues = 

[junction_report]
id = j5
time = 58
queues = (r4, green, [])

[road_report]
id = r1
time = 58
state = 

[road_report]
id = r2
time = 58
state = 

[road_report]
id = r3
time = 58
state = 

[road_report]
id = r4
time = 58
state = 

[vehicle_report]
id = v1
time = 58
speed = 0
kilometrage = 100
faulty = 0
location = arrived

[vehicle_report]
id = v2
time = 58
speed = 0
kilometrage = 100
faulty = 0
location = arrived

[junction_report]
id = j1
time = 59
queues = 

[junction_report]
id = j2
time = 59
queues = (r1, red, []), (r3, green, [])

[junction_report]
id = j3
time = 59
queues = (r2, green, [])

[junction_report]
id = j4
time = 59
queues = 

[junction_report]
id = j5
time = 59
queues = (r4, green, [])

[road_report]
id = r1
time = 59
state = 

[road_report]
id = r2
time = 59
state = 

[road_report]
id = r3
time = 59
state = 

[road_report]
id = r4
time = 59
state = 

[vehicle_report]
id = v1
time = 59
speed = 0
kilometrage = 100
faulty = 0
location = arrived

[vehicle_report]
id = v2
time = 59
speed = 0
kilometrage = 100
faulty = 0
location = arrived

[junction_report]
id = j1
time = 60
queues = 

[junction_report]
id = j2
time = 60
queues = (r1, green, []), (r3, red, [])

[junction_report]
id = j3
time = 60
queues = (r2, green, [])

[junction_report]
id = j4
time = 60
queues = 

[junction_report]
id = j5
time = 60
queues = (r4, green, [])

[road_report]
id = r1
time = 60
state = 

[road_report]
id = r2
time = 60
state = 

[road_report]
id = r3
time = 60
state = 

[road_report]
id = r4
time = 60
state = 

[vehicle_report]
id = v1
time = 60
speed = 0
kilometrage = 100
faulty = 0
location = arrived

[vehicle_report]
id = v2
time = 60
speed = 0
kilometrage = 100
faulty = 0
location = arrived

[junction_report]
id = j1
time = 61
queues = 

[junction_report]
id = j2
time = 61
queues = (r1, red, []), (r3, green, [])

[junction_report]
id = j3
time = 61
queues = (r2, green, [])

[junction_report]
id = j4
time = 61
queues = 

[junction_report]
id = j5
time = 61
queues = (r4, green, [])

[road_report]
id = r1
time = 61
state = 

[road_report]
id = r2
time = 61
state = 

[road_report]
id = r3
time = 61
state = 

[road_report]
id = r4
time = 61
state = 

[vehicle_report]
id = v1
time = 61
speed = 0
kilometrage = 100
faulty = 0
location = arrived

[vehicle_report]
id = v2
time = 61
speed = 0
kilometrage = 100
faulty = 0
location = arrived

[junction_report]
id = j1
time = 62
queues = 

[junction_report]
id = j2
time = 62
queues = (r1, green, []), (r3, red, [])

[junction_report]
id = j3
time = 62
queues = (r2, green, [])

[junction_report]
id = j4
time = 62
queues = 

[junction_report]
id = j5
time = 62
queues = (r4, green, [])

[road_report]
id = r1
time = 62
state = 

[road_report]
id = r2
time = 62
state = 

[road_report]
id = r3
time = 62
state = 

[road_report]
id = r4
time = 62
state = 

[vehicle_report]
id = v1
time = 62
speed = 0
kilometrage = 100
faulty = 0
location = arrived

[vehicle_report]
id = v2
time = 62
speed = 0
kilometrage = 100
faulty = 0
location = arrived

[junction_report]
id = j1
time = 63
queues = 

[junction_report]
id = j2
time = 63
queues = (r1, red, []), (r3, green, [])

[junction_report]
id = j3
time = 63
queues = (r2, green, [])

[junction_report]
id = j4
time = 63
queues = 

[junction_report]
id = j5
time = 63
queues = (r4, green, [])

[road_report]
id = r1
time = 63
state = 

[road_report]
id = r2
time = 63
state = 

[road_report]
id = r3
time = 63
state = 

[road_report]
id = r4
time = 63
state = 

[vehicle_report]
id = v1
time = 63
speed = 0
kilometrage = 100
faulty = 0
location = arrived

[vehicle_report]
id = v2
time = 63
speed = 0
kilometrage = 100
faulty = 0
location = arrived

[junction_report]
id = j1
time = 64
queues = 

[junction_report]
id = j2
time = 64
queues = (r1, green, []), (r3, red, [])

[junction_report]
id = j3
time = 64
queues = (r2, green, [])

[junction_report]
id = j4
time = 64
queues = 

[junction_report]
id = j5
time = 64
queues = (r4, green, [])

[road_report]
id = r1
time = 64
state = 

[road_report]
id = r2
time = 64
state = 

[road_report]
id = r3
time = 64
state = 

[road_report]
id = r4
time = 64
state = 

[vehicle_report]
id = v1
time = 64
speed = 0
kilometrage = 100
faulty = 0
location = arrived

[vehicle_report]
id = v2
time = 64
speed = 0
kilometrage = 100
faulty = 0
location = arrived

[junction_report]
id = j1
time = 65
queues = 

[junction_report]
id = j2
time = 65
queues = (r1, red, []), (r3, green, [])

[junction_report]
id = j3
time = 65
queues = (r2, green, [])

[junction_report]
id = j4
time = 65
queues = 

[junction_report]
id = j5
time = 65
queues = (r4, green, [])

[road_report]
id = r1
time = 65
state = 

[road_report]
id = r2
time = 65
state = 

[road_report]
id = r3
time = 65
state = 

[road_report]
id = r4
time = 65
state = 

[vehicle_report]
id = v1
time = 65
speed = 0
kilometrage = 100
faulty = 0
location = arrived

[vehicle_report]
id = v2
time = 65
speed = 0
kilometrage = 100
faulty = 0
location = arrived

[junction_report]
id = j1
time = 66
queues = 

[junction_report]
id = j2
time = 66
queues = (r1, green, []), (r3, red, [])

[junction_report]
id = j3
time = 66
queues = (r2, green, [])

[junction_report]
id = j4
time = 66
queues = 

[junction_report]
id = j5
time = 66
queues = (r4, green, [])

[road_report]
id = r1
time = 66
state = 

[road_report]
id = r2
time = 66
state = 

[road_report]
id = r3
time = 66
state = 

[road_report]
id = r4
time = 66
state = 

[vehicle_report]
id = v1
time = 66
speed = 0
kilometrage = 100
faulty = 0
location = arrived

[vehicle_report]
id = v2
time = 66
speed = 0
kilometrage = 100
faulty = 0
location = arrived

[junction_report]
id = j1
time = 67
queues = 

[junction_report]
id = j2
time = 67
queues = (r1, red, []), (r3, green, [])

[junction_report]
id = j3
time = 67
queues = (r2, green, [])

[junction_report]
id = j4
time = 67
queues = 

[junction_report]
id = j5
time = 67
queues = (r4, green, [])

[road_report]
id = r1
time = 67
state = 

[road_report]
id = r2
time = 67
state = 

[road_report]
id = r3
time = 67
state = 

[road_report]
id = r4
time = 67
state = 

[vehicle_report]
id = v1
time = 67
speed = 0
kilometrage = 100
faulty = 0
location = arrived

[vehicle_report]
id = v2
time = 67
speed = 0
kilometrage = 100
faulty = 0
location = arrived

[junction_report]
id = j1
time = 68
queues = 

[junction_report]
id = j2
time = 68
queues = (r1, green, []), (r3, red, [])

[junction_report]
id = j3
time = 68
queues = (r2, green, [])

[junction_report]
id = j4
time = 68
queues = 

[junction_report]
id = j5
time = 68
queues = (r4, green, [])

[road_report]
id = r1
time = 68
state = 

[road_report]
id = r2
time = 68
state = 

[road_report]
id = r3
time = 68
state = 

[road_report]
id = r4
time = 68
state = 

[vehicle_report]
id = v1
time = 68
speed = 0
kilometrage = 100
faulty = 0
location = arrived

[vehicle_report]
id = v2
time = 68
speed = 0
kilometrage = 100
faulty = 0
location = arrived

[junction_report]
id = j1
time = 69
queues = 

[junction_report]
id = j2
time = 69
queues = (r1, red, []), (r3, green, [])

[junction_report]
id = j3
time = 69
queues = (r2, green, [])

[junction_report]
id = j4
time = 69
queues = 

[junction_report]
id = j5
time = 69
queues = (r4, green, [])

[road_report]
id = r1
time = 69
state = 

[road_report]
id = r2
time = 69
state = 

[road_report]
id = r3
time = 69
state = 

[road_report]
id = r4
time = 69
state = 

[vehicle_report]
id = v1
time = 69
speed = 0
kilometrage = 100
faulty = 0
location = arrived

[vehicle_report]
id = v2
time = 69
speed = 0
kilometrage = 100
faulty = 0
location = arrived

[junction_report]
id = j1
time = 70
queues = 

[junction_report]
id = j2
time = 70
queues = (r1, green, []), (r3, red, [])

[junction_report]
id = j3
time = 70
queues = (r2, green, [])

[junction_report]
id = j4
time = 70
queues = 

[junction_report]
id = j5
time = 70
queues = (r4, green, [])

[road_report]
id = r1
time = 70
state = 

[road_report]
id = r2
time = 70
state = 

[road_report]
id = r3
time = 70
state = 

[road_report]
id = r4
time = 70
state = 

[vehicle_report]
id = v1
time = 70
speed = 0
kilometrage = 100
faulty = 0
location = arrived

[vehicle_report]
id = v2
time = 70
speed = 0
kilometrage = 100
faulty = 0
location = arrived

[junction_report]
id = j1
time = 71
queues = 

[junction_report]
id = j2
time = 71
queues = (r1, red, []), (r3, green, [])

[junction_report]
id = j3
time = 71
queues = (r2, green, [])

[junction_report]
id = j4
time = 71
queues = 

[junction_report]
id = j5
time = 71
queues = (r4, green, [])

[road_report]
id = r1
time = 71
state = 

[road_report]
id = r2
time = 71
state = 

[road_report]
id = r3
time = 71
state = 

[road_report]
id = r4
time = 71
state = 

[vehicle_report]
id = v1
time = 71
speed = 0
kilometrage = 100
faulty = 0
location = arrived

[vehicle_report]
id = v2
time = 71
speed = 0
kilometrage = 100
faulty = 0
location = arrived

[junction_report]
id = j1
time = 72
queues = 

[junction_report]
id = j2
time = 72
queues = (r1, green, []), (r3, red, [])

[junction_report]
id = j3
time = 72
queues = (r2, green, [])

[junction_report]
id = j4
time = 72
queues = 

[junction_report]
id = j5
time = 72
queues = (r4, green, [])

[road_report]
id = r1
time = 72
state = 

[road_report]
id = r2
time = 72
state = 

[road_report]
id = r3
time = 72
state = 

[road_report]
id = r4
time = 72
state = 

[vehicle_report]
id = v1
time = 72
speed = 0
kilometrage = 100
faulty = 0
location = arrived

[vehicle_report]
id = v2
time = 72
speed = 0
kilometrage = 100
faulty = 0
location = arrived

[junction_report]
id = j1
time = 73
queues = 

[junction_report]
id = j2
time = 73
queues = (r1, red, []), (r3, green, [])

[junction_report]
id = j3
time = 73
queues = (r2, green, [])

[junction_report]
id = j4
time = 73
queues = 

[junction_report]
id = j5
time = 73
queues = (r4, green, [])

[road_report]
id = r1
time = 73
state = 

[road_report]
id = r2
time = 73
state = 

[road_report]
id = r3
time = 73
state = 

[road_report]
id = r4
time = 73
state = 

[vehicle_report]
id = v1
time = 73
speed = 0
kilometrage = 100
faulty = 0
location = arrived

[vehicle_report]
id = v2
time = 73
speed = 0
kilometrage = 100
faulty = 0
location = arrived

[junction_report]
id = j1
time = 74
queues = 

[junction_report]
id = j2
time = 74
queues = (r1, green, []), (r3, red, [])

[junction_report]
id = j3
time = 74
queues = (r2, green, [])

[junction_report]
id = j4
time = 74
queues = 

[junction_report]
id = j5
time = 74
queues = (r4, green, [])

[road_report]
id = r1
time = 74
state = 

[road_report]
id = r2
time = 74
state = 

[road_report]
id = r3
time = 74
state = 

[road_report]
id = r4
time = 74
state = 

[vehicle_report]
id = v1
time = 74
speed = 0
kilometrage = 100
faulty = 0
location = arrived

[vehicle_report]
id = v2
time = 74
speed = 0
kilometrage = 100
faulty = 0
location = arrived

[junction_report]
id = j1
time = 75
queues = 

[junction_report]
id = j2
time = 75
queues = (r1, red, []), (r3, green, [])

[junction_report]
id = j3
time = 75
queues = (r2, green, [])

[junction_report]
id = j4
time = 75
queues = 

[junction_report]
id = j5
time = 75
queues = (r4, green, [])

[road_report]
id = r1
time = 75
state = 

[road_report]
id = r2
time = 75
state = 

[road_report]
id = r3
time = 75
state = 

[road_report]
id = r4
time = 75
state = 

[vehicle_report]
id = v1
time = 75
speed = 0
kilometrage = 100
faulty = 0
location = arrived

[vehicle_report]
id = v2
time = 75
speed = 0
kilometrage = 100
faulty = 0
location = arrived

[junction_report]
id = j1
time = 76
queues = 

[junction_report]
id = j2
time = 76
queues = (r1, green, []), (r3, red, [])

[junction_report]
id = j3
time = 76
queues = (r2, green, [])

[junction_report]
id = j4
time = 76
queues = 

[junction_report]
id = j5
time = 76
queues = (r4, green, [])

[road_report]
id = r1
time = 76
state = 

[road_report]
id = r2
time = 76
state = 

[road_report]
id = r3
time = 76
state = 

[road_report]
id = r4
time = 76
state = 

[vehicle_report]
id = v1
time = 76
speed = 0
kilometrage = 100
faulty = 0
location = arrived

[vehicle_report]
id = v2
time = 76
speed = 0
kilometrage = 100
faulty = 0
location = arrived

[junction_report]
id = j1
time = 77
queues = 

[junction_report]
id = j2
time = 77
queues = (r1, red, []), (r3, green, [])

[junction_report]
id = j3
time = 77
queues = (r2, green, [])

[junction_report]
id = j4
time = 77
queues = 

[junction_report]
id = j5
time = 77
queues = (r4, green, [])

[road_report]
id = r1
time = 77
state = 

[road_report]
id = r2
time = 77
state = 

[road_report]
id = r3
time = 77
state = 

[road_report]
id = r4
time = 77
state = 

[vehicle_report]
id = v1
time = 77
speed = 0
kilometrage = 100
faulty = 0
location = arrived

[vehicle_report]
id = v2
time = 77
speed = 0
kilometrage = 100
faulty = 0
location = arrived

[junction_report]
id = j1
time = 78
queues = 

[junction_report]
id = j2
time = 78
queues = (r1, green, []), (r3, red, [])

[junction_report]
id = j3
time = 78
queues = (r2, green, [])

[junction_report]
id = j4
time = 78
queues = 

[junction_report]
id = j5
time = 78
queues = (r4, green, [])

[road_report]
id = r1
time = 78
state = 

[road_report]
id = r2
time = 78
state = 

[road_report]
id = r3
time = 78
state = 

[road_report]
id = r4
time = 78
state = 

[vehicle_report]
id = v1
time = 78
speed = 0
kilometrage = 100
faulty = 0
location = arrived

[vehicle_report]
id = v2
time = 78
speed = 0
kilometrage = 100
faulty = 0
location = arrived

[junction_report]
id = j1
time = 79
queues = 

[junction_report]
id = j2
time = 79
queues = (r1, red, []), (r3, green, [])

[junction_report]
id = j3
time = 79
queues = (r2, green, [])

[junction_report]
id = j4
time = 79
queues = 

[junction_report]
id = j5
time = 79
queues = (r4, green, [])

[road_report]
id = r1
time = 79
state = 

[road_report]
id = r2
time = 79
state = 

[road_report]
id = r3
time = 79
state = 

[road_report]
id = r4
time = 79
state = 

[vehicle_report]
id = v1
time = 79
speed = 0
kilometrage = 100
faulty = 0
location = arrived

[vehicle_report]
id = v2
time = 79
speed = 0
kilometrage = 100
faulty = 0
location = arrived

[junction_report]
id = j1
time = 80
queues = 

[junction_report]
id = j2
time = 80
queues = (r1, green, []), (r3, red, [])

[junction_report]
id = j3
time = 80
queues = (r2, green, [])

[junction_report]
id = j4
time = 80
queues = 

[junction_report]
id = j5
time = 80
queues = (r4, green, [])

[road_report]
id = r1
time = 80
state = 

[road_report]
id = r2
time = 80
state = 

[road_report]
id = r3
time = 80
state = 

[road_report]
id = r4
time = 80
state = 

[vehicle_report]
id = v1
time = 80
speed = 0
kilometrage = 100
faulty = 0
location = arrived

[vehicle_report]
id = v2
time = 80
speed = 0
kilometrage = 100
faulty = 0
location = arrived

[junction_report]
id = j1
time = 81
queues = 

[junction_report]
id = j2
time = 81
queues = (r1, red, []), (r3, green, [])

[junction_report]
id = j3
time = 81
queues = (r2, green, [])

[junction_report]
id = j4
time = 81
queues = 

[junction_report]
id = j5
time = 81
queues = (r4, green, [])

[road_report]
id = r1
time = 81
state = 

[road_report]
id = r2
time = 81
state = 

[road_report]
id = r3
time = 81
state = 

[road_report]
id = r4
time = 81
state = 

[vehicle_report]
id = v1
time = 81
speed = 0
kilometrage = 100
faulty = 0
location = arrived

[vehicle_report]
id = v2
time = 81
speed = 0
kilometrage = 100
faulty = 0
location = arrived

[junction_report]
id = j1
time = 82
queues = 

[junction_report]
id = j2
time = 82
queues = (r1, green, []), (r3, red, [])

[junction_report]
id = j3
time = 82
queues = (r2, green, [])

[junction_report]
id = j4
time = 82
queues = 

[junction_report]
id = j5
time = 82
queues = (r4, green, [])

[road_report]
id = r1
time = 82
state = 

[road_report]
id = r2
time = 82
state = 

[road_report]
id = r3
time = 82
state = 

[road_report]
id = r4
time = 82
state = 

[vehicle_report]
id = v1
time = 82
speed = 0
kilometrage = 100
faulty = 0
location = arrived

[vehicle_report]
id = v2
time = 82
speed = 0
kilometrage = 100
faulty = 0
location = arrived

[junction_report]
id = j1
time = 83
queues = 

[junction_report]
id = j2
time = 83
queues = (r1, red, []), (r3, green, [])

[junction_report]
id = j3
time = 83
queues = (r2, green, [])

[junction_report]
id = j4
time = 83
queues = 

[junction_report]
id = j5
time = 83
queues = (r4, green, [])

[road_report]
id = r1
time = 83
state = 

[road_report]
id = r2
time = 83
state = 

[road_report]
id = r3
time = 83
state = 

[road_report]
id = r4
time = 83
state = 

[vehicle_report]
id = v1
time = 83
speed = 0
kilometrage = 100
faulty = 0
location = arrived

[vehicle_report]
id = v2
time = 83
speed = 0
kilometrage = 100
faulty = 0
location = arrived

[junction_report]
id = j1
time = 84
queues = 

[junction_report]
id = j2
time = 84
queues = (r1, green, []), (r3, red, [])

[junction_report]
id = j3
time = 84
queues = (r2, green, [])

[junction_report]
id = j4
time = 84
queues = 

[junction_report]
id = j5
time = 84
queues = (r4, green, [])

[road_report]
id = r1
time = 84
state = 

[road_report]
id = r2
time = 84
state = 

[road_report]
id = r3
time = 84
state = 

[road_report]
id = r4
time = 84
state = 

[vehicle_report]
id = v1
time = 84
speed = 0
kilometrage = 100
faulty = 0
location = arrived

[vehicle_report]
id = v2
time = 84
speed = 0
kilometrage = 100
faulty = 0
location = arrived

[junction_report]
id = j1
time = 85
queues = 

[junction_report]
id = j2
time = 85
queues = (r1, red, []), (r3, green, [])

[junction_report]
id = j3
time = 85
queues = (r2, green, [])

[junction_report]
id = j4
time = 85
queues = 

[junction_report]
id = j5
time = 85
queues = (r4, green, [])

[road_report]
id = r1
time = 85
state = 

[road_report]
id = r2
time = 85
state = 

[road_report]
id = r3
time = 85
state = 

[road_report]
id = r4
time = 85
state = 

[vehicle_report]
id = v1
time = 85
speed = 0
kilometrage = 100
faulty = 0
location = arrived

[vehicle_report]
id = v2
time = 85
speed = 0
kilometrage = 100
faulty = 0
location = arrived

[junction_report]
id = j1
time = 86
queues = 

[junction_report]
id = j2
time = 86
queues = (r1, green, []), (r3, red, [])

[junction_report]
id = j3
time = 86
queues = (r2, green, [])

[junction_report]
id = j4
time = 86
queues = 

[junction_report]
id = j5
time = 86
queues = (r4, green, [])

[road_report]
id = r1
time = 86
state = 

[road_report]
id = r2
time = 86
state = 

[road_report]
id = r3
time = 86
state = 

[road_report]
id = r4
time = 86
state = 

[vehicle_report]
id = v1
time = 86
speed = 0
kilometrage = 100
faulty = 0
location = arrived

[vehicle_report]
id = v2
time = 86
speed = 0
kilometrage = 100
faulty = 0
location = arrived

[junction_report]
id = j1
time = 87
queues = 

[junction_report]
id = j2
time = 87
queues = (r1, red, []), (r3, green, [])

[junction_report]
id = j3
time = 87
queues = (r2, green, [])

[junction_report]
id = j4
time = 87
queues = 

[junction_report]
id = j5
time = 87
queues = (r4, green, [])

[road_report]
id = r1
time = 87
state = 

[road_report]
id = r2
time = 87
state = 

[road_report]
id = r3
time = 87
state = 

[road_report]
id = r4
time = 87
state = 

[vehicle_report]
id = v1
time = 87
speed = 0
kilometrage = 100
faulty = 0
location = arrived

[vehicle_report]
id = v2
time = 87
speed = 0
kilometrage = 100
faulty = 0
location = arrived

[junction_report]
id = j1
time = 88
queues = 

[junction_report]
id = j2
time = 88
queues = (r1, green, []), (r3, red, [])

[junction_report]
id = j3
time = 88
queues = (r2, green, [])

[junction_report]
id = j4
time = 88
queues = 

[junction_report]
id = j5
time = 88
queues = (r4, green, [])

[road_report]
id = r1
time = 88
state = 

[road_report]
id = r2
time = 88
state = 

[road_report]
id = r3
time = 88
state = 

[road_report]
id = r4
time = 88
state = 

[vehicle_report]
id = v1
time = 88
speed = 0
kilometrage = 100
faulty = 0
location = arrived

[vehicle_report]
id = v2
time = 88
speed = 0
kilometrage = 100
faulty = 0
location = arrived

[junction_report]
id = j1
time = 89
queues = 

[junction_report]
id = j2
time = 89
queues = (r1, red, []), (r3, green, [])

[junction_report]
id = j3
time = 89
queues = (r2, green, [])

[junction_report]
id = j4
time = 89
queues = 

[junction_report]
id = j5
time = 89
queues = (r4, green, [])

[road_report]
id = r1
time = 89
state = 

[road_report]
id = r2
time = 89
state = 

[road_report]
id = r3
time = 89
state = 

[road_report]
id = r4
time = 89
state = 

[vehicle_report]
id = v1
time = 89
speed = 0
kilometrage = 100
faulty = 0
location = arrived

[vehicle_report]
id = v2
time = 89
speed = 0
kilometrage = 100
faulty = 0
location = arrived

[junction_report]
id = j1
time = 90
queues = 

[junction_report]
id = j2
time = 90
queues = (r1, green, []), (r3, red, [])

[junction_report]
id = j3
time = 90
queues = (r2, green, [])

[junction_report]
id = j4
time = 90
queues = 

[junction_report]
id = j5
time = 90
queues = (r4, green, [])

[road_report]
id = r1
time = 90
state = 

[road_report]
id = r2
time = 90
state = 

[road_report]
id = r3
time = 90
state = 

[road_report]
id = r4
time = 90
state = 

[vehicle_report]
id = v1
time = 90
speed = 0
kilometrage = 100
faulty = 0
location = arrived

[vehicle_report]
id = v2
time = 90
speed = 0
kilometrage = 100
faulty = 0
location = arrived

[junction_report]
id = j1
time = 91
queues = 

[junction_report]
id = j2
time = 91
queues = (r1, red, []), (r3, green, [])

[junction_report]
id = j3
time = 91
queues = (r2, green, [])

[junction_report]
id = j4
time = 91
queues = 

[junction_report]
id = j5
time = 91
queues = (r4, green, [])

[road_report]
id = r1
time = 91
state = 

[road_report]
id = r2
time = 91
state = 

[road_report]
id = r3
time = 91
state = 

[road_report]
id = r4
time = 91
state = 

[vehicle_report]
id = v1
time = 91
speed = 0
kilometrage = 100
faulty = 0
location = arrived

[vehicle_report]
id = v2
time = 91
speed = 0
kilometrage = 100
faulty = 0
location = arrived

[junction_report]
id = j1
time = 92
queues = 

[junction_report]
id = j2
time = 92
queues = (r1, green, []), (r3, red, [])

[junction_report]
id = j3
time = 92
queues = (r2, green, [])

[junction_report]
id = j4
time = 92
queues = 

[junction_report]
id = j5
time = 92
queues = (r4, green, [])

[road_report]
id = r1
time = 92
state = 

[road_report]
id = r2
time = 92
state = 

[road_report]
id = r3
time = 92
state = 

[road_report]
id = r4
time = 92
state = 

[vehicle_report]
id = v1
time = 92
speed = 0
kilometrage = 100
faulty = 0
location = arrived

[vehicle_report]
id = v2
time = 92
speed = 0
kilometrage = 100
faulty = 0
location = arrived

[junction_report]
id = j1
time = 93
queues = 

[junction_report]
id = j2
time = 93
queues = (r1, red, []), (r3, green, [])

[junction_report]
id = j3
time = 93
queues = (r2, green, [])

[junction_report]
id = j4
time = 93
queues = 

[junction_report]
id = j5
time = 93
queues = (r4, green, [])

[road_report]
id = r1
time = 93
state = 

[road_report]
id = r2
time = 93
state = 

[road_report]
id = r3
time = 93
state = 

[road_report]
id = r4
time = 93
state = 

[vehicle_report]
id = v1
time = 93
speed = 0
kilometrage = 100
faulty = 0
location = arrived

[vehicle_report]
id = v2
time = 93
speed = 0
kilometrage = 100
faulty = 0
location = arrived

[junction_report]
id = j1
time = 94
queues = 

[junction_report]
id = j2
time = 94
queues = (r1, green, []), (r3, red, [])

[junction_report]
id = j3
time = 94
queues = (r2, green, [])

[junction_report]
id = j4
time = 94
queues = 

[junction_report]
id = j5
time = 94
queues = (r4, green, [])

[road_report]
id = r1
time = 94
state = 

[road_report]
id = r2
time = 94
state = 

[road_report]
id = r3
time = 94
state = 

[road_report]
id = r4
time = 94
state = 

[vehicle_report]
id = v1
time = 94
speed = 0
kilometrage = 100
faulty = 0
location = arrived

[vehicle_report]
id = v2
time = 94
speed = 0
kilometrage = 100
faulty = 0
location = arrived

[junction_report]
id = j1
time = 95
queues = 

[junction_report]
id = j2
time = 95
queues = (r1, red, []), (r3, green, [])

[junction_report]
id = j3
time = 95
queues = (r2, green, [])

[junction_report]
id = j4
time = 95
queues = 

[junction_report]
id = j5
time = 95
queues = (r4, green, [])

[road_report]
id = r1
time = 95
state = 

[road_report]
id = r2
time = 95
state = 

[road_report]
id = r3
time = 95
state = 

[road_report]
id = r4
time = 95
state = 

[vehicle_report]
id = v1
time = 95
speed = 0
kilometrage = 100
faulty = 0
location = arrived

[vehicle_report]
id = v2
time = 95
speed = 0
kilometrage = 100
faulty = 0
location = arrived

[junction_report]
id = j1
time = 96
queues = 

[junction_report]
id = j2
time = 96
queues = (r1, green, []), (r3, red, [])

[junction_report]
id = j3
time = 96
queues = (r2, green, [])

[junction_report]
id = j4
time = 96
queues = 

[junction_report]
id = j5
time = 96
queues = (r4, green, [])

[road_report]
id = r1
time = 96
state = 

[road_report]
id = r2
time = 96
state = 

[road_report]
id = r3
time = 96
state = 

[road_report]
id = r4
time = 96
state = 

[vehicle_report]
id = v1
time = 96
speed = 0
kilometrage = 100
faulty = 0
location = arrived

[vehicle_report]
id = v2
time = 96
speed = 0
kilometrage = 100
faulty = 0
location = arrived

[junction_report]
id = j1
time = 97
queues = 

[junction_report]
id = j2
time = 97
queues = (r1, red, []), (r3, green, [])

[junction_report]
id = j3
time = 97
queues = (r2, green, [])

[junction_report]
id = j4
time = 97
queues = 

[junction_report]
id = j5
time = 97
queues = (r4, green, [])

[road_report]
id = r1
time = 97
state = 

[road_report]
id = r2
time = 97
state = 

[road_report]
id = r3
time = 97
state = 

[road_report]
id = r4
time = 97
state = 

[vehicle_report]
id = v1
time = 97
speed = 0
kilometrage = 100
faulty = 0
location = arrived

[vehicle_report]
id = v2
time = 97
speed = 0
kilometrage = 100
faulty = 0
location = arrived

[junction_report]
id = j1
time = 98
queues = 

[junction_report]
id = j2
time = 98
queues = (r1, green, []), (r3, red, [])

[junction_report]
id = j3
time = 98
queues = (r2, green, [])

[junction_report]
id = j4
time = 98
queues = 

[junction_report]
id = j5
time = 98
queues = (r4, green, [])

[road_report]
id = r1
time = 98
state = 

[road_report]
id = r2
time = 98
state = 

[road_report]
id = r3
time = 98
state = 

[road_report]
id = r4
time = 98
state = 

[vehicle_report]
id = v1
time = 98
speed = 0
kilometrage = 100
faulty = 0
location = arrived

[vehicle_report]
id = v2
time = 98
speed = 0
kilometrage = 100
faulty = 0
location = arrived

[junction_report]
id = j1
time = 99
queues = 

[junction_report]
id = j2
time = 99
queues = (r1, red, []), (r3, green, [])

[junction_report]
id = j3
time = 99
queues = (r2, green, [])

[junction_report]
id = j4
time = 99
queues = 

[junction_report]
id = j5
time = 99
queues = (r4, green, [])

[road_report]
id = r1
time = 99
state = 

[road_report]
id = r2
time = 99
state = 

[road_report]
id = r3
time = 99
state = 

[road_report]
id = r4
time = 99
state = 

[vehicle_report]
id = v1
time = 99
speed = 0
kilometrage = 100
faulty = 0
location = arrived

[vehicle_report]
id = v2
time = 99
speed = 0
kilometrage = 100
faulty = 0
location = arrived

[junction_report]
id = j1
time = 100
queues = 

[junction_report]
id = j2
time = 100
queues = (r1, green, []), (r3, red, [])

[junction_report]
id = j3
time = 100
queues = (r2, green, [])

[junction_report]
id = j4
time = 100
queues = 

[junction_report]
id = j5
time = 100
queues = (r4, green, [])

[road_report]
id = r1
time = 100
state = 

[road_report]
id = r2
time = 100
state = 

[road_report]
id = r3
time = 100
state = 

[road_report]
id = r4
time = 100
state = 

[vehicle_report]
id = v1
time = 100
speed = 0
kilometrage = 100
faulty = 0
location = arrived

[vehicle_report]
id = v2
time = 100
speed = 0
kilometrage = 100
faulty = 0
location = arrived

